#
# There is insufficient memory for the Java Runtime Environment to continue.
# Native memory allocation (malloc) failed to allocate 2033296 bytes for Chunk::new
# Possible reasons:
#   The system is out of physical RAM or swap space
#   The process is running with CompressedOops enabled, and the Java Heap may be blocking the growth of the native heap
# Possible solutions:
#   Reduce memory load on the system
#   Increase physical memory or swap space
#   Check if swap backing store is full
#   Decrease Java heap size (-Xmx/-Xms)
#   Decrease number of Java threads
#   Decrease Java thread stack sizes (-Xss)
#   Set larger code cache with -XX:ReservedCodeCacheSize=
#   JVM is running with Unscaled Compressed Oops mode in which the Java heap is
#     placed in the first 4GB address space. The Java Heap base address is the
#     maximum limit for the native heap growth. Please use -XX:HeapBaseMinAddress
#     to set the Java Heap base and to place the Java Heap above 4GB virtual address.
# This output file may be truncated or incomplete.
#
#  Out of Memory Error (./src/hotspot/share/memory/arena.cpp:197), pid=8656, tid=13672
#
# JRE version: OpenJDK Runtime Environment Corretto-11.0.8.10.1 (11.0.8+10) (build 11.0.8+10-LTS)
# Java VM: OpenJDK 64-Bit Server VM Corretto-11.0.8.10.1 (11.0.8+10-LTS, mixed mode, tiered, compressed oops, g1 gc, windows-amd64)
# No core dump will be written. Minidumps are not enabled by default on client versions of Windows
#

---------------  S U M M A R Y ------------

Command Line: --add-opens=java.base/java.util=ALL-UNNAMED --add-opens=java.base/java.lang=ALL-UNNAMED --add-opens=java.base/java.lang.invoke=ALL-UNNAMED --add-opens=java.prefs/java.util.prefs=ALL-UNNAMED -Xmx2048m -Dfile.encoding=windows-1252 -Duser.country=US -Duser.language=en -Duser.variant org.gradle.launcher.daemon.bootstrap.GradleDaemon 6.1.1

Host: Intel(R) Core(TM) i3-4170 CPU @ 3.70GHz, 4 cores, 7G,  Windows 10 , 64 bit Build 18362 (10.0.18362.959)
Time: Wed Sep  2 12:52:47 2020 Mountain Daylight Time elapsed time: 1185 seconds (0d 0h 19m 45s)

---------------  T H R E A D  ---------------

Current thread (0x00000216de20e800):  JavaThread "C2 CompilerThread1" daemon [_thread_in_native, id=13672, stack(0x000000ea86200000,0x000000ea86300000)]


Current CompileTask:
C2:1185196 27283       4       com.android.tools.r8.ir.optimize.Z::a (1306 bytes)

Stack: [0x000000ea86200000,0x000000ea86300000]
Native frames: (J=compiled Java code, j=interpreted, Vv=VM code, C=native code)
V  [jvm.dll+0x5dfc8a]
V  [jvm.dll+0x7179be]
V  [jvm.dll+0x71908f]
V  [jvm.dll+0x719753]
V  [jvm.dll+0x240e48]
V  [jvm.dll+0xb96ac]
V  [jvm.dll+0xb9dac]
V  [jvm.dll+0x346387]
V  [jvm.dll+0x314173]
V  [jvm.dll+0x3134ba]
V  [jvm.dll+0x1fa925]
V  [jvm.dll+0x1f9adf]
V  [jvm.dll+0x17e4ec]
V  [jvm.dll+0x208f27]
V  [jvm.dll+0x20710b]
V  [jvm.dll+0x6dc729]
V  [jvm.dll+0x6d57d4]
V  [jvm.dll+0x5debc6]
C  [ucrtbase.dll+0x20e82]
C  [KERNEL32.DLL+0x17bd4]
C  [ntdll.dll+0x6ce51]


---------------  P R O C E S S  ---------------

Threads class SMR info:
_java_thread_list=0x00000216cac4ef70, length=58, elements={
0x00000216a6609800, 0x00000216c4d60800, 0x00000216c4d6c800, 0x00000216c4d7c800,
0x00000216c4d7d800, 0x00000216c4d81000, 0x00000216c4d86800, 0x00000216c4d99800,
0x00000216c5835800, 0x00000216c5857800, 0x00000216c7497800, 0x00000216c5b20000,
0x00000216c77c3800, 0x00000216c76c0800, 0x00000216c76bf800, 0x00000216c76c2000,
0x00000216c76be000, 0x00000216c74cd000, 0x00000216c74cf800, 0x00000216c74d2000,
0x00000216c74ce000, 0x00000216c74d0800, 0x00000216c74cc800, 0x00000216c74d3000,
0x00000216c8425000, 0x00000216c8426800, 0x00000216c842d800, 0x00000216c8427800,
0x00000216c842b800, 0x00000216c8428800, 0x00000216c842a000, 0x00000216c8429000,
0x00000216c8432000, 0x00000216c842f000, 0x00000216c8431800, 0x00000216c842f800,
0x00000216c842c800, 0x00000216c8430800, 0x00000216c8434000, 0x00000216d78d7000,
0x00000216d78dc000, 0x00000216d78d9800, 0x00000216d78da000, 0x00000216d78d7800,
0x00000216d78d6000, 0x00000216c76c1800, 0x00000216c76bd800, 0x00000216c76c4000,
0x00000216de204000, 0x00000216de208000, 0x00000216de206800, 0x00000216de205000,
0x00000216de207800, 0x00000216de20e000, 0x00000216de20e800, 0x00000216de20b800,
0x00000216de205800, 0x00000216de211000
}

Java Threads: ( => current thread )
  0x00000216a6609800 JavaThread "main" [_thread_blocked, id=12176, stack(0x000000ea84a00000,0x000000ea84b00000)]
  0x00000216c4d60800 JavaThread "Reference Handler" daemon [_thread_blocked, id=3356, stack(0x000000ea85100000,0x000000ea85200000)]
  0x00000216c4d6c800 JavaThread "Finalizer" daemon [_thread_blocked, id=6328, stack(0x000000ea85200000,0x000000ea85300000)]
  0x00000216c4d7c800 JavaThread "Signal Dispatcher" daemon [_thread_blocked, id=12032, stack(0x000000ea85300000,0x000000ea85400000)]
  0x00000216c4d7d800 JavaThread "Attach Listener" daemon [_thread_blocked, id=11904, stack(0x000000ea85400000,0x000000ea85500000)]
  0x00000216c4d81000 JavaThread "C2 CompilerThread0" daemon [_thread_in_native, id=948, stack(0x000000ea85500000,0x000000ea85600000)]
  0x00000216c4d86800 JavaThread "C1 CompilerThread0" daemon [_thread_blocked, id=8816, stack(0x000000ea85600000,0x000000ea85700000)]
  0x00000216c4d99800 JavaThread "Sweeper thread" daemon [_thread_blocked, id=9240, stack(0x000000ea85700000,0x000000ea85800000)]
  0x00000216c5835800 JavaThread "Common-Cleaner" daemon [_thread_blocked, id=3308, stack(0x000000ea85800000,0x000000ea85900000)]
  0x00000216c5857800 JavaThread "Service Thread" daemon [_thread_blocked, id=8572, stack(0x000000ea85900000,0x000000ea85a00000)]
  0x00000216c7497800 JavaThread "Daemon health stats" [_thread_blocked, id=7532, stack(0x000000ea85e00000,0x000000ea85f00000)]
  0x00000216c5b20000 JavaThread "Incoming local TCP Connector on port 58268" [_thread_in_native, id=2136, stack(0x000000ea85b00000,0x000000ea85c00000)]
  0x00000216c77c3800 JavaThread "Daemon periodic checks" [_thread_in_native, id=10628, stack(0x000000ea85f00000,0x000000ea86000000)]
  0x00000216c76c0800 JavaThread "Cache worker for journal cache (C:\Users\Laura\.gradle\caches\journal-1)" [_thread_blocked, id=6704, stack(0x000000ea86800000,0x000000ea86900000)]
  0x00000216c76bf800 JavaThread "File lock request listener" [_thread_in_native, id=6832, stack(0x000000ea86900000,0x000000ea86a00000)]
  0x00000216c76c2000 JavaThread "Cache worker for file hash cache (C:\Users\Laura\.gradle\caches\6.1.1\fileHashes)" [_thread_blocked, id=7924, stack(0x000000ea86a00000,0x000000ea86b00000)]
  0x00000216c76be000 JavaThread "Cache worker for execution history cache (C:\Users\Laura\.gradle\caches\6.1.1\executionHistory)" [_thread_blocked, id=7972, stack(0x000000ea86f00000,0x000000ea87000000)]
  0x00000216c74cd000 JavaThread "Daemon Thread 3" [_thread_blocked, id=7180, stack(0x000000ea84700000,0x000000ea84800000)]
  0x00000216c74cf800 JavaThread "Handler for socket connection from /127.0.0.1:58268 to /127.0.0.1:58494" [_thread_in_native, id=7588, stack(0x000000ea84800000,0x000000ea84900000)]
  0x00000216c74d2000 JavaThread "Cancel handler" [_thread_blocked, id=7948, stack(0x000000ea84900000,0x000000ea84a00000)]
  0x00000216c74ce000 JavaThread "Daemon worker Thread 3" [_thread_in_Java, id=9736, stack(0x000000ea86000000,0x000000ea86100000)]
  0x00000216c74d0800 JavaThread "Asynchronous log dispatcher for DefaultDaemonConnection: socket connection from /127.0.0.1:58268 to /127.0.0.1:58494" [_thread_blocked, id=1816, stack(0x000000ea86100000,0x000000ea86200000)]
  0x00000216c74cc800 JavaThread "Thread-67" [_thread_blocked, id=7680, stack(0x000000ea86300000,0x000000ea86400000)]
  0x00000216c74d3000 JavaThread "Cache worker for checksums cache (C:\Users\Laura\Desktop\bootcamp\projects\hello-world\.gradle\checksums)" [_thread_blocked, id=12396, stack(0x000000ea86400000,0x000000ea86500000)]
  0x00000216c8425000 JavaThread "Cache worker for file hash cache (C:\Users\Laura\Desktop\bootcamp\projects\hello-world\.gradle\6.1.1\fileHashes)" [_thread_blocked, id=1836, stack(0x000000ea86500000,0x000000ea86600000)]
  0x00000216c8426800 JavaThread "Cache worker for cache directory md-supplier (C:\Users\Laura\.gradle\caches\6.1.1\md-supplier)" [_thread_blocked, id=6180, stack(0x000000ea86600000,0x000000ea86700000)]
  0x00000216c842d800 JavaThread "Cache worker for cache directory md-rule (C:\Users\Laura\.gradle\caches\6.1.1\md-rule)" [_thread_blocked, id=9064, stack(0x000000ea86b00000,0x000000ea86c00000)]
  0x00000216c8427800 JavaThread "Build operations" [_thread_blocked, id=4180, stack(0x000000ea86c00000,0x000000ea86d00000)]
  0x00000216c842b800 JavaThread "Build operations Thread 2" [_thread_blocked, id=12088, stack(0x000000ea86d00000,0x000000ea86e00000)]
  0x00000216c8428800 JavaThread "Build operations Thread 3" [_thread_blocked, id=2284, stack(0x000000ea86e00000,0x000000ea86f00000)]
  0x00000216c842a000 JavaThread "Build operations Thread 4" [_thread_blocked, id=10176, stack(0x000000ea87000000,0x000000ea87100000)]
  0x00000216c8429000 JavaThread "Cache worker for Build Output Cleanup Cache (C:\Users\Laura\Desktop\bootcamp\projects\hello-world\.gradle\buildOutputCleanup)" [_thread_in_native, id=11540, stack(0x000000ea87100000,0x000000ea87200000)]
  0x00000216c8432000 JavaThread "Memory manager" [_thread_blocked, id=10684, stack(0x000000ea87300000,0x000000ea87400000)]
  0x00000216c842f000 JavaThread "Cache worker for file content cache (C:\Users\Laura\.gradle\caches\6.1.1\fileContent)" [_thread_blocked, id=8788, stack(0x000000ea87400000,0x000000ea87500000)]
  0x00000216c8431800 JavaThread "Cache worker for file content cache (C:\Users\Laura\Desktop\bootcamp\projects\hello-world\.gradle\6.1.1\fileContent)" [_thread_blocked, id=1860, stack(0x000000ea87500000,0x000000ea87600000)]
  0x00000216c842f800 JavaThread "Execution worker for ':'" [_thread_in_Java, id=7000, stack(0x000000ea87600000,0x000000ea87700000)]
  0x00000216c842c800 JavaThread "Execution worker for ':' Thread 2" [_thread_blocked, id=7148, stack(0x000000ea87700000,0x000000ea87800000)]
  0x00000216c8430800 JavaThread "Execution worker for ':' Thread 3" [_thread_blocked, id=9068, stack(0x000000ea87800000,0x000000ea87900000)]
  0x00000216c8434000 JavaThread "Cache worker for execution history cache (C:\Users\Laura\Desktop\bootcamp\projects\hello-world\.gradle\6.1.1\executionHistory)" [_thread_blocked, id=6652, stack(0x000000ea87900000,0x000000ea87a00000)]
  0x00000216d78d7000 JavaThread "pool-9-thread-1" [_thread_blocked, id=10028, stack(0x000000ea87c00000,0x000000ea87d00000)]
  0x00000216d78dc000 JavaThread "stderr" [_thread_in_native, id=12836, stack(0x000000ea87b00000,0x000000ea87c00000)]
  0x00000216d78d9800 JavaThread "stderr" [_thread_in_native, id=5668, stack(0x000000ea87d00000,0x000000ea87e00000)]
  0x00000216d78da000 JavaThread "stderr" [_thread_in_native, id=9900, stack(0x000000ea87e00000,0x000000ea87f00000)]
  0x00000216d78d7800 JavaThread "stdout" [_thread_in_native, id=12980, stack(0x000000ea87f00000,0x000000ea88000000)]
  0x00000216d78d6000 JavaThread "stdout" [_thread_in_native, id=7160, stack(0x000000ea88000000,0x000000ea88100000)]
  0x00000216c76c1800 JavaThread "stdout" [_thread_in_native, id=13316, stack(0x000000ea88100000,0x000000ea88200000)]
  0x00000216c76bd800 JavaThread "stderr" [_thread_in_native, id=13400, stack(0x000000ea88200000,0x000000ea88300000)]
  0x00000216c76c4000 JavaThread "stdout" [_thread_in_native, id=13404, stack(0x000000ea88300000,0x000000ea88400000)]
  0x00000216de204000 JavaThread "WorkerExecutor Queue Thread 2" [_thread_blocked, id=14068, stack(0x000000ea88500000,0x000000ea88600000)]
  0x00000216de208000 JavaThread "WorkerExecutor Queue Thread 3" [_thread_blocked, id=14072, stack(0x000000ea88600000,0x000000ea88700000)]
  0x00000216de206800 JavaThread "WorkerExecutor Queue Thread 4" [_thread_blocked, id=14076, stack(0x000000ea88700000,0x000000ea88800000)]
  0x00000216de205000 JavaThread "WorkerExecutor Queue Thread 5" [_thread_blocked, id=14220, stack(0x000000ea88400000,0x000000ea88500000)]
  0x00000216de207800 JavaThread "Cache worker for Java compile cache (C:\Users\Laura\.gradle\caches\6.1.1\javaCompile)" [_thread_blocked, id=13468, stack(0x000000ea88800000,0x000000ea88900000)]
  0x00000216de20e000 JavaThread "Cache worker for Java compile cache (C:\Users\Laura\Desktop\bootcamp\projects\hello-world\.gradle\6.1.1\javaCompile)" [_thread_blocked, id=13472, stack(0x000000ea88900000,0x000000ea88a00000)]
=>0x00000216de20e800 JavaThread "C2 CompilerThread1" daemon [_thread_in_native, id=13672, stack(0x000000ea86200000,0x000000ea86300000)]
  0x00000216de20b800 JavaThread "ForkJoinPool.commonPool-worker-3" daemon [_thread_blocked, id=9596, stack(0x000000ea87a00000,0x000000ea87b00000)]
  0x00000216de205800 JavaThread "ForkJoinPool.commonPool-worker-5" daemon [_thread_blocked, id=2060, stack(0x000000ea88a00000,0x000000ea88b00000)]
  0x00000216de211000 JavaThread "ForkJoinPool.commonPool-worker-7" daemon [_thread_blocked, id=13460, stack(0x000000ea88b00000,0x000000ea88c00000)]

Other Threads:
  0x00000216c4d5c000 VMThread "VM Thread" [stack: 0x000000ea85000000,0x000000ea85100000] [id=12816]
  0x00000216c5858800 WatcherThread [stack: 0x000000ea85a00000,0x000000ea85b00000] [id=11488]
  0x00000216a6623800 GCTaskThread "GC Thread#0" [stack: 0x000000ea84b00000,0x000000ea84c00000] [id=8988]
  0x00000216c6294800 GCTaskThread "GC Thread#1" [stack: 0x000000ea85c00000,0x000000ea85d00000] [id=1248]
  0x00000216c5a0f000 GCTaskThread "GC Thread#2" [stack: 0x000000ea85d00000,0x000000ea85e00000] [id=5172]
  0x00000216c75cd800 GCTaskThread "GC Thread#3" [stack: 0x000000ea86700000,0x000000ea86800000] [id=236]
  0x00000216a6656000 ConcurrentGCThread "G1 Main Marker" [stack: 0x000000ea84c00000,0x000000ea84d00000] [id=3900]
  0x00000216a665a800 ConcurrentGCThread "G1 Conc#0" [stack: 0x000000ea84d00000,0x000000ea84e00000] [id=9232]
  0x00000216c4bb0800 ConcurrentGCThread "G1 Refine#0" [stack: 0x000000ea84e00000,0x000000ea84f00000] [id=2360]
  0x00000216c4bb1800 ConcurrentGCThread "G1 Young RemSet Sampling" [stack: 0x000000ea84f00000,0x000000ea85000000] [id=10144]

Threads with active compile tasks:
C2 CompilerThread01185240 27282       4       com.android.tools.r8.r.n.A::a (552 bytes)
C2 CompilerThread11185240 27283       4       com.android.tools.r8.ir.optimize.Z::a (1306 bytes)

VM state:not at safepoint (normal execution)

VM Mutex/Monitor currently owned by a thread: None

Heap address: 0x0000000080000000, size: 2048 MB, Compressed Oops mode: 32-bit
Narrow klass base: 0x0000000000000000, Narrow klass shift: 3
Compressed class space size: 1073741824 Address: 0x0000000100000000

Heap:
 garbage-first heap   total 330752K, used 221099K [0x0000000080000000, 0x0000000100000000)
  region size 1024K, 95 young (97280K), 1 survivors (1024K)
 Metaspace       used 128928K, capacity 132516K, committed 132596K, reserved 1165312K
  class space    used 15506K, capacity 16688K, committed 16768K, reserved 1048576K
Heap Regions: E=young(eden), S=young(survivor), O=old, HS=humongous(starts), HC=humongous(continues), CS=collection set, F=free, A=archive, TAMS=top-at-mark-start (previous, next)
|   0|0x0000000080000000, 0x0000000080100000, 0x0000000080100000|100%| O|  |TAMS 0x0000000080100000, 0x0000000080000000| Untracked 
|   1|0x0000000080100000, 0x0000000080200000, 0x0000000080200000|100%| O|  |TAMS 0x0000000080200000, 0x0000000080100000| Untracked 
|   2|0x0000000080200000, 0x0000000080300000, 0x0000000080300000|100%| O|  |TAMS 0x0000000080300000, 0x0000000080200000| Untracked 
|   3|0x0000000080300000, 0x0000000080400000, 0x0000000080400000|100%|HS|  |TAMS 0x0000000080400000, 0x0000000080300000| Complete 
|   4|0x0000000080400000, 0x0000000080500000, 0x0000000080500000|100%|HC|  |TAMS 0x0000000080500000, 0x0000000080400000| Complete 
|   5|0x0000000080500000, 0x0000000080600000, 0x0000000080600000|100%|HC|  |TAMS 0x0000000080600000, 0x0000000080500000| Complete 
|   6|0x0000000080600000, 0x0000000080700000, 0x0000000080700000|100%| O|  |TAMS 0x0000000080700000, 0x0000000080600000| Untracked 
|   7|0x0000000080700000, 0x0000000080800000, 0x0000000080800000|100%| O|  |TAMS 0x0000000080800000, 0x0000000080700000| Untracked 
|   8|0x0000000080800000, 0x0000000080900000, 0x0000000080900000|100%| O|  |TAMS 0x0000000080900000, 0x0000000080800000| Untracked 
|   9|0x0000000080900000, 0x0000000080a00000, 0x0000000080a00000|100%| O|  |TAMS 0x0000000080a00000, 0x0000000080900000| Untracked 
|  10|0x0000000080a00000, 0x0000000080b00000, 0x0000000080b00000|100%| O|  |TAMS 0x0000000080b00000, 0x0000000080a00000| Untracked 
|  11|0x0000000080b00000, 0x0000000080c00000, 0x0000000080c00000|100%| O|  |TAMS 0x0000000080c00000, 0x0000000080b00000| Untracked 
|  12|0x0000000080c00000, 0x0000000080d00000, 0x0000000080d00000|100%| O|  |TAMS 0x0000000080d00000, 0x0000000080c00000| Untracked 
|  13|0x0000000080d00000, 0x0000000080e00000, 0x0000000080e00000|100%|HS|  |TAMS 0x0000000080e00000, 0x0000000080d00000| Complete 
|  14|0x0000000080e00000, 0x0000000080f00000, 0x0000000080f00000|100%|HC|  |TAMS 0x0000000080f00000, 0x0000000080e00000| Complete 
|  15|0x0000000080f00000, 0x0000000081000000, 0x0000000081000000|100%|HS|  |TAMS 0x0000000081000000, 0x0000000080f00000| Complete 
|  16|0x0000000081000000, 0x0000000081100000, 0x0000000081100000|100%|HC|  |TAMS 0x0000000081100000, 0x0000000081000000| Complete 
|  17|0x0000000081100000, 0x0000000081200000, 0x0000000081200000|100%|HC|  |TAMS 0x0000000081200000, 0x0000000081100000| Complete 
|  18|0x0000000081200000, 0x0000000081300000, 0x0000000081300000|100%|HS|  |TAMS 0x0000000081300000, 0x0000000081200000| Complete 
|  19|0x0000000081300000, 0x0000000081400000, 0x0000000081400000|100%|HC|  |TAMS 0x0000000081400000, 0x0000000081300000| Complete 
|  20|0x0000000081400000, 0x0000000081500000, 0x0000000081500000|100%|HC|  |TAMS 0x0000000081500000, 0x0000000081400000| Complete 
|  21|0x0000000081500000, 0x0000000081600000, 0x0000000081600000|100%|HC|  |TAMS 0x0000000081600000, 0x0000000081500000| Complete 
|  22|0x0000000081600000, 0x0000000081700000, 0x0000000081700000|100%|HS|  |TAMS 0x0000000081700000, 0x0000000081600000| Complete 
|  23|0x0000000081700000, 0x0000000081800000, 0x0000000081800000|100%|HC|  |TAMS 0x0000000081800000, 0x0000000081700000| Complete 
|  24|0x0000000081800000, 0x0000000081900000, 0x0000000081900000|100%|HC|  |TAMS 0x0000000081900000, 0x0000000081800000| Complete 
|  25|0x0000000081900000, 0x0000000081a00000, 0x0000000081a00000|100%|HC|  |TAMS 0x0000000081a00000, 0x0000000081900000| Complete 
|  26|0x0000000081a00000, 0x0000000081b00000, 0x0000000081b00000|100%| O|  |TAMS 0x0000000081b00000, 0x0000000081a00000| Untracked 
|  27|0x0000000081b00000, 0x0000000081c00000, 0x0000000081c00000|100%| O|  |TAMS 0x0000000081c00000, 0x0000000081b00000| Untracked 
|  28|0x0000000081c00000, 0x0000000081d00000, 0x0000000081d00000|100%| O|  |TAMS 0x0000000081d00000, 0x0000000081c00000| Untracked 
|  29|0x0000000081d00000, 0x0000000081e00000, 0x0000000081e00000|100%| O|  |TAMS 0x0000000081e00000, 0x0000000081d00000| Untracked 
|  30|0x0000000081e00000, 0x0000000081f00000, 0x0000000081f00000|100%| O|  |TAMS 0x0000000081f00000, 0x0000000081e00000| Untracked 
|  31|0x0000000081f00000, 0x0000000082000000, 0x0000000082000000|100%| O|  |TAMS 0x0000000082000000, 0x0000000081f00000| Untracked 
|  32|0x0000000082000000, 0x0000000082100000, 0x0000000082100000|100%| O|  |TAMS 0x0000000082100000, 0x0000000082000000| Untracked 
|  33|0x0000000082100000, 0x0000000082200000, 0x0000000082200000|100%| O|  |TAMS 0x0000000082200000, 0x0000000082100000| Untracked 
|  34|0x0000000082200000, 0x0000000082300000, 0x0000000082300000|100%| O|  |TAMS 0x0000000082300000, 0x0000000082200000| Untracked 
|  35|0x0000000082300000, 0x0000000082400000, 0x0000000082400000|100%| O|  |TAMS 0x0000000082400000, 0x0000000082300000| Untracked 
|  36|0x0000000082400000, 0x0000000082500000, 0x0000000082500000|100%| O|  |TAMS 0x0000000082500000, 0x0000000082400000| Untracked 
|  37|0x0000000082500000, 0x0000000082600000, 0x0000000082600000|100%| O|  |TAMS 0x0000000082600000, 0x0000000082500000| Untracked 
|  38|0x0000000082600000, 0x0000000082700000, 0x0000000082700000|100%| O|  |TAMS 0x0000000082700000, 0x0000000082600000| Untracked 
|  39|0x0000000082700000, 0x0000000082800000, 0x0000000082800000|100%| O|  |TAMS 0x0000000082800000, 0x0000000082700000| Untracked 
|  40|0x0000000082800000, 0x0000000082900000, 0x0000000082900000|100%| O|  |TAMS 0x0000000082900000, 0x0000000082800000| Untracked 
|  41|0x0000000082900000, 0x0000000082a00000, 0x0000000082a00000|100%| O|  |TAMS 0x0000000082a00000, 0x0000000082900000| Untracked 
|  42|0x0000000082a00000, 0x0000000082b00000, 0x0000000082b00000|100%| O|  |TAMS 0x0000000082b00000, 0x0000000082a00000| Untracked 
|  43|0x0000000082b00000, 0x0000000082c00000, 0x0000000082c00000|100%| O|  |TAMS 0x0000000082c00000, 0x0000000082b00000| Untracked 
|  44|0x0000000082c00000, 0x0000000082d00000, 0x0000000082d00000|100%| O|  |TAMS 0x0000000082d00000, 0x0000000082c00000| Untracked 
|  45|0x0000000082d00000, 0x0000000082e00000, 0x0000000082e00000|100%| O|  |TAMS 0x0000000082e00000, 0x0000000082d00000| Untracked 
|  46|0x0000000082e00000, 0x0000000082f00000, 0x0000000082f00000|100%| O|  |TAMS 0x0000000082f00000, 0x0000000082e00000| Untracked 
|  47|0x0000000082f00000, 0x0000000083000000, 0x0000000083000000|100%| O|  |TAMS 0x0000000083000000, 0x0000000082f00000| Untracked 
|  48|0x0000000083000000, 0x0000000083100000, 0x0000000083100000|100%| O|  |TAMS 0x0000000083100000, 0x0000000083000000| Untracked 
|  49|0x0000000083100000, 0x0000000083200000, 0x0000000083200000|100%| O|  |TAMS 0x0000000083200000, 0x0000000083100000| Untracked 
|  50|0x0000000083200000, 0x0000000083300000, 0x0000000083300000|100%| O|  |TAMS 0x0000000083300000, 0x0000000083200000| Untracked 
|  51|0x0000000083300000, 0x0000000083400000, 0x0000000083400000|100%| O|  |TAMS 0x0000000083400000, 0x0000000083300000| Untracked 
|  52|0x0000000083400000, 0x0000000083500000, 0x0000000083500000|100%| O|  |TAMS 0x0000000083500000, 0x0000000083400000| Untracked 
|  53|0x0000000083500000, 0x0000000083600000, 0x0000000083600000|100%| O|  |TAMS 0x0000000083600000, 0x0000000083500000| Untracked 
|  54|0x0000000083600000, 0x0000000083600000, 0x0000000083700000|  0%| F|  |TAMS 0x0000000083600000, 0x0000000083600000| Untracked 
|  55|0x0000000083700000, 0x0000000083800000, 0x0000000083800000|100%|HS|  |TAMS 0x0000000083800000, 0x0000000083700000| Complete 
|  56|0x0000000083800000, 0x0000000083900000, 0x0000000083900000|100%|HC|  |TAMS 0x0000000083900000, 0x0000000083800000| Complete 
|  57|0x0000000083900000, 0x0000000083a00000, 0x0000000083a00000|100%|HC|  |TAMS 0x0000000083a00000, 0x0000000083900000| Complete 
|  58|0x0000000083a00000, 0x0000000083b00000, 0x0000000083b00000|100%|HS|  |TAMS 0x0000000083b00000, 0x0000000083a00000| Complete 
|  59|0x0000000083b00000, 0x0000000083c00000, 0x0000000083c00000|100%|HC|  |TAMS 0x0000000083c00000, 0x0000000083b00000| Complete 
|  60|0x0000000083c00000, 0x0000000083d00000, 0x0000000083d00000|100%| O|  |TAMS 0x0000000083d00000, 0x0000000083c00000| Untracked 
|  61|0x0000000083d00000, 0x0000000083e00000, 0x0000000083e00000|100%| O|  |TAMS 0x0000000083e00000, 0x0000000083d00000| Untracked 
|  62|0x0000000083e00000, 0x0000000083f00000, 0x0000000083f00000|100%| O|  |TAMS 0x0000000083f00000, 0x0000000083e00000| Untracked 
|  63|0x0000000083f00000, 0x0000000084000000, 0x0000000084000000|100%| O|  |TAMS 0x0000000084000000, 0x0000000083f00000| Untracked 
|  64|0x0000000084000000, 0x0000000084100000, 0x0000000084100000|100%| O|  |TAMS 0x0000000084100000, 0x0000000084000000| Untracked 
|  65|0x0000000084100000, 0x0000000084200000, 0x0000000084200000|100%| O|  |TAMS 0x0000000084200000, 0x0000000084100000| Untracked 
|  66|0x0000000084200000, 0x0000000084300000, 0x0000000084300000|100%| O|  |TAMS 0x0000000084300000, 0x0000000084200000| Untracked 
|  67|0x0000000084300000, 0x0000000084400000, 0x0000000084400000|100%| O|  |TAMS 0x0000000084400000, 0x0000000084300000| Untracked 
|  68|0x0000000084400000, 0x0000000084500000, 0x0000000084500000|100%| O|  |TAMS 0x0000000084500000, 0x0000000084400000| Untracked 
|  69|0x0000000084500000, 0x0000000084600000, 0x0000000084600000|100%| O|  |TAMS 0x0000000084600000, 0x0000000084500000| Untracked 
|  70|0x0000000084600000, 0x0000000084700000, 0x0000000084700000|100%| O|  |TAMS 0x0000000084700000, 0x0000000084600000| Untracked 
|  71|0x0000000084700000, 0x0000000084800000, 0x0000000084800000|100%| O|  |TAMS 0x0000000084800000, 0x0000000084700000| Untracked 
|  72|0x0000000084800000, 0x0000000084900000, 0x0000000084900000|100%| O|  |TAMS 0x0000000084900000, 0x0000000084800000| Untracked 
|  73|0x0000000084900000, 0x0000000084a00000, 0x0000000084a00000|100%| O|  |TAMS 0x0000000084a00000, 0x0000000084900000| Untracked 
|  74|0x0000000084a00000, 0x0000000084b00000, 0x0000000084b00000|100%| O|  |TAMS 0x0000000084b00000, 0x0000000084a00000| Untracked 
|  75|0x0000000084b00000, 0x0000000084c00000, 0x0000000084c00000|100%| O|  |TAMS 0x0000000084c00000, 0x0000000084b00000| Untracked 
|  76|0x0000000084c00000, 0x0000000084d00000, 0x0000000084d00000|100%| O|  |TAMS 0x0000000084d00000, 0x0000000084c00000| Untracked 
|  77|0x0000000084d00000, 0x0000000084e00000, 0x0000000084e00000|100%| O|  |TAMS 0x0000000084e00000, 0x0000000084d00000| Untracked 
|  78|0x0000000084e00000, 0x0000000084f00000, 0x0000000084f00000|100%| O|  |TAMS 0x0000000084f00000, 0x0000000084e00000| Untracked 
|  79|0x0000000084f00000, 0x0000000085000000, 0x0000000085000000|100%| O|  |TAMS 0x0000000085000000, 0x0000000084f00000| Untracked 
|  80|0x0000000085000000, 0x0000000085100000, 0x0000000085100000|100%| O|  |TAMS 0x0000000085100000, 0x0000000085000000| Untracked 
|  81|0x0000000085100000, 0x0000000085200000, 0x0000000085200000|100%| O|  |TAMS 0x0000000085200000, 0x0000000085100000| Untracked 
|  82|0x0000000085200000, 0x0000000085300000, 0x0000000085300000|100%| O|  |TAMS 0x0000000085300000, 0x0000000085200000| Untracked 
|  83|0x0000000085300000, 0x0000000085400000, 0x0000000085400000|100%| O|  |TAMS 0x0000000085400000, 0x0000000085300000| Untracked 
|  84|0x0000000085400000, 0x0000000085500000, 0x0000000085500000|100%| O|  |TAMS 0x0000000085500000, 0x0000000085400000| Untracked 
|  85|0x0000000085500000, 0x0000000085600000, 0x0000000085600000|100%| O|  |TAMS 0x0000000085600000, 0x0000000085500000| Untracked 
|  86|0x0000000085600000, 0x0000000085700000, 0x0000000085700000|100%| O|  |TAMS 0x0000000085700000, 0x0000000085600000| Untracked 
|  87|0x0000000085700000, 0x0000000085800000, 0x0000000085800000|100%| O|  |TAMS 0x0000000085800000, 0x0000000085700000| Untracked 
|  88|0x0000000085800000, 0x0000000085900000, 0x0000000085900000|100%| O|  |TAMS 0x0000000085900000, 0x0000000085800000| Untracked 
|  89|0x0000000085900000, 0x0000000085a00000, 0x0000000085a00000|100%| O|  |TAMS 0x0000000085a00000, 0x0000000085900000| Untracked 
|  90|0x0000000085a00000, 0x0000000085b00000, 0x0000000085b00000|100%| O|  |TAMS 0x0000000085b00000, 0x0000000085a00000| Untracked 
|  91|0x0000000085b00000, 0x0000000085c00000, 0x0000000085c00000|100%| O|  |TAMS 0x0000000085c00000, 0x0000000085b00000| Untracked 
|  92|0x0000000085c00000, 0x0000000085d00000, 0x0000000085d00000|100%| O|  |TAMS 0x0000000085d00000, 0x0000000085c00000| Untracked 
|  93|0x0000000085d00000, 0x0000000085e00000, 0x0000000085e00000|100%| O|  |TAMS 0x0000000085e00000, 0x0000000085d00000| Untracked 
|  94|0x0000000085e00000, 0x0000000085f00000, 0x0000000085f00000|100%| O|  |TAMS 0x0000000085e74000, 0x0000000085e00000| Untracked 
|  95|0x0000000085f00000, 0x0000000086000000, 0x0000000086000000|100%| O|  |TAMS 0x0000000086000000, 0x0000000085f00000| Untracked 
|  96|0x0000000086000000, 0x0000000086100000, 0x0000000086100000|100%| O|  |TAMS 0x0000000086000000, 0x0000000086000000| Untracked 
|  97|0x0000000086100000, 0x0000000086200000, 0x0000000086200000|100%| O|  |TAMS 0x0000000086200000, 0x0000000086100000| Untracked 
|  98|0x0000000086200000, 0x0000000086300000, 0x0000000086300000|100%| O|  |TAMS 0x0000000086300000, 0x0000000086200000| Untracked 
|  99|0x0000000086300000, 0x0000000086400000, 0x0000000086400000|100%| O|  |TAMS 0x0000000086400000, 0x0000000086300000| Untracked 
| 100|0x0000000086400000, 0x0000000086500000, 0x0000000086500000|100%| O|  |TAMS 0x0000000086500000, 0x0000000086400000| Untracked 
| 101|0x0000000086500000, 0x0000000086600000, 0x0000000086600000|100%| O|  |TAMS 0x0000000086600000, 0x0000000086500000| Untracked 
| 102|0x0000000086600000, 0x0000000086700000, 0x0000000086700000|100%| O|  |TAMS 0x0000000086600000, 0x0000000086600000| Untracked 
| 103|0x0000000086700000, 0x0000000086800000, 0x0000000086800000|100%| O|  |TAMS 0x0000000086700000, 0x0000000086700000| Untracked 
| 104|0x0000000086800000, 0x0000000086900000, 0x0000000086900000|100%| O|  |TAMS 0x0000000086800000, 0x0000000086800000| Untracked 
| 105|0x0000000086900000, 0x0000000086a00000, 0x0000000086a00000|100%| O|  |TAMS 0x0000000086a00000, 0x0000000086900000| Untracked 
| 106|0x0000000086a00000, 0x0000000086b00000, 0x0000000086b00000|100%| O|  |TAMS 0x0000000086b00000, 0x0000000086a00000| Untracked 
| 107|0x0000000086b00000, 0x0000000086c00000, 0x0000000086c00000|100%| O|  |TAMS 0x0000000086c00000, 0x0000000086b00000| Untracked 
| 108|0x0000000086c00000, 0x0000000086d00000, 0x0000000086d00000|100%| O|  |TAMS 0x0000000086d00000, 0x0000000086c00000| Untracked 
| 109|0x0000000086d00000, 0x0000000086d61800, 0x0000000086e00000| 38%| O|  |TAMS 0x0000000086d00000, 0x0000000086d00000| Untracked 
| 110|0x0000000086e00000, 0x0000000086f00000, 0x0000000086f00000|100%| O|  |TAMS 0x0000000086f00000, 0x0000000086e00000| Untracked 
| 111|0x0000000086f00000, 0x0000000087000000, 0x0000000087000000|100%| O|  |TAMS 0x0000000087000000, 0x0000000086f00000| Untracked 
| 112|0x0000000087000000, 0x0000000087000000, 0x0000000087100000|  0%| F|  |TAMS 0x0000000087000000, 0x0000000087000000| Untracked 
| 113|0x0000000087100000, 0x0000000087200000, 0x0000000087200000|100%| O|  |TAMS 0x0000000087200000, 0x0000000087100000| Untracked 
| 114|0x0000000087200000, 0x0000000087300000, 0x0000000087300000|100%| O|  |TAMS 0x0000000087300000, 0x0000000087200000| Untracked 
| 115|0x0000000087300000, 0x0000000087300000, 0x0000000087400000|  0%| F|  |TAMS 0x0000000087300000, 0x0000000087300000| Untracked 
| 116|0x0000000087400000, 0x0000000087500000, 0x0000000087500000|100%| O|  |TAMS 0x0000000087500000, 0x0000000087400000| Untracked 
| 117|0x0000000087500000, 0x0000000087600000, 0x0000000087600000|100%| O|  |TAMS 0x0000000087600000, 0x0000000087500000| Untracked 
| 118|0x0000000087600000, 0x0000000087700000, 0x0000000087700000|100%| O|  |TAMS 0x0000000087700000, 0x0000000087600000| Untracked 
| 119|0x0000000087700000, 0x0000000087800000, 0x0000000087800000|100%| O|  |TAMS 0x0000000087800000, 0x0000000087700000| Untracked 
| 120|0x0000000087800000, 0x0000000087900000, 0x0000000087900000|100%| O|  |TAMS 0x0000000087900000, 0x0000000087800000| Untracked 
| 121|0x0000000087900000, 0x0000000087a00000, 0x0000000087a00000|100%| O|  |TAMS 0x0000000087a00000, 0x0000000087900000| Untracked 
| 122|0x0000000087a00000, 0x0000000087b00000, 0x0000000087b00000|100%| O|  |TAMS 0x0000000087b00000, 0x0000000087a00000| Untracked 
| 123|0x0000000087b00000, 0x0000000087c00000, 0x0000000087c00000|100%| O|  |TAMS 0x0000000087c00000, 0x0000000087b00000| Untracked 
| 124|0x0000000087c00000, 0x0000000087c00000, 0x0000000087d00000|  0%| F|  |TAMS 0x0000000087c00000, 0x0000000087c00000| Untracked 
| 125|0x0000000087d00000, 0x0000000087d00000, 0x0000000087e00000|  0%| F|  |TAMS 0x0000000087d00000, 0x0000000087d00000| Untracked 
| 126|0x0000000087e00000, 0x0000000087e00000, 0x0000000087f00000|  0%| F|  |TAMS 0x0000000087e00000, 0x0000000087e00000| Untracked 
| 127|0x0000000087f00000, 0x0000000087f00000, 0x0000000088000000|  0%| F|  |TAMS 0x0000000087f00000, 0x0000000087f00000| Untracked 
| 128|0x0000000088000000, 0x0000000088100000, 0x0000000088100000|100%| O|  |TAMS 0x0000000088100000, 0x0000000088000000| Untracked 
| 129|0x0000000088100000, 0x0000000088100000, 0x0000000088200000|  0%| F|  |TAMS 0x0000000088100000, 0x0000000088100000| Untracked 
| 130|0x0000000088200000, 0x0000000088200000, 0x0000000088300000|  0%| F|  |TAMS 0x0000000088200000, 0x0000000088200000| Untracked 
| 131|0x0000000088300000, 0x0000000088300000, 0x0000000088400000|  0%| F|  |TAMS 0x0000000088300000, 0x0000000088300000| Untracked 
| 132|0x0000000088400000, 0x0000000088400000, 0x0000000088500000|  0%| F|  |TAMS 0x0000000088400000, 0x0000000088400000| Untracked 
| 133|0x0000000088500000, 0x0000000088500000, 0x0000000088600000|  0%| F|  |TAMS 0x0000000088500000, 0x0000000088500000| Untracked 
| 134|0x0000000088600000, 0x0000000088600000, 0x0000000088700000|  0%| F|  |TAMS 0x0000000088600000, 0x0000000088600000| Untracked 
| 135|0x0000000088700000, 0x0000000088700000, 0x0000000088800000|  0%| F|  |TAMS 0x0000000088700000, 0x0000000088700000| Untracked 
| 136|0x0000000088800000, 0x0000000088800000, 0x0000000088900000|  0%| F|  |TAMS 0x0000000088800000, 0x0000000088800000| Untracked 
| 137|0x0000000088900000, 0x0000000088a00000, 0x0000000088a00000|100%| O|  |TAMS 0x0000000088a00000, 0x0000000088900000| Untracked 
| 138|0x0000000088a00000, 0x0000000088a00000, 0x0000000088b00000|  0%| F|  |TAMS 0x0000000088a00000, 0x0000000088a00000| Untracked 
| 139|0x0000000088b00000, 0x0000000088b00000, 0x0000000088c00000|  0%| F|  |TAMS 0x0000000088b00000, 0x0000000088b00000| Untracked 
| 140|0x0000000088c00000, 0x0000000088c00000, 0x0000000088d00000|  0%| F|  |TAMS 0x0000000088c00000, 0x0000000088c00000| Untracked 
| 141|0x0000000088d00000, 0x0000000088d00000, 0x0000000088e00000|  0%| F|  |TAMS 0x0000000088d00000, 0x0000000088d00000| Untracked 
| 142|0x0000000088e00000, 0x0000000088e00000, 0x0000000088f00000|  0%| F|  |TAMS 0x0000000088e00000, 0x0000000088e00000| Untracked 
| 143|0x0000000088f00000, 0x0000000088f00000, 0x0000000089000000|  0%| F|  |TAMS 0x0000000088f00000, 0x0000000088f00000| Untracked 
| 144|0x0000000089000000, 0x0000000089000000, 0x0000000089100000|  0%| F|  |TAMS 0x0000000089000000, 0x0000000089000000| Untracked 
| 145|0x0000000089100000, 0x0000000089100000, 0x0000000089200000|  0%| F|  |TAMS 0x0000000089100000, 0x0000000089100000| Untracked 
| 146|0x0000000089200000, 0x0000000089200000, 0x0000000089300000|  0%| F|  |TAMS 0x0000000089200000, 0x0000000089200000| Untracked 
| 147|0x0000000089300000, 0x0000000089300000, 0x0000000089400000|  0%| F|  |TAMS 0x0000000089300000, 0x0000000089300000| Untracked 
| 148|0x0000000089400000, 0x0000000089400000, 0x0000000089500000|  0%| F|  |TAMS 0x0000000089400000, 0x0000000089400000| Untracked 
| 149|0x0000000089500000, 0x0000000089500000, 0x0000000089600000|  0%| F|  |TAMS 0x0000000089500000, 0x0000000089500000| Untracked 
| 150|0x0000000089600000, 0x0000000089600000, 0x0000000089700000|  0%| F|  |TAMS 0x0000000089600000, 0x0000000089600000| Untracked 
| 151|0x0000000089700000, 0x0000000089700000, 0x0000000089800000|  0%| F|  |TAMS 0x0000000089700000, 0x0000000089700000| Untracked 
| 152|0x0000000089800000, 0x0000000089800000, 0x0000000089900000|  0%| F|  |TAMS 0x0000000089800000, 0x0000000089800000| Untracked 
| 153|0x0000000089900000, 0x0000000089900000, 0x0000000089a00000|  0%| F|  |TAMS 0x0000000089900000, 0x0000000089900000| Untracked 
| 154|0x0000000089a00000, 0x0000000089a00000, 0x0000000089b00000|  0%| F|  |TAMS 0x0000000089a00000, 0x0000000089a00000| Untracked 
| 155|0x0000000089b00000, 0x0000000089b00000, 0x0000000089c00000|  0%| F|  |TAMS 0x0000000089b00000, 0x0000000089b00000| Untracked 
| 156|0x0000000089c00000, 0x0000000089c00000, 0x0000000089d00000|  0%| F|  |TAMS 0x0000000089c00000, 0x0000000089c00000| Untracked 
| 157|0x0000000089d00000, 0x0000000089d00000, 0x0000000089e00000|  0%| F|  |TAMS 0x0000000089d00000, 0x0000000089d00000| Untracked 
| 158|0x0000000089e00000, 0x0000000089e00000, 0x0000000089f00000|  0%| F|  |TAMS 0x0000000089e00000, 0x0000000089e00000| Untracked 
| 159|0x0000000089f00000, 0x0000000089f00000, 0x000000008a000000|  0%| F|  |TAMS 0x0000000089f00000, 0x0000000089f00000| Untracked 
| 160|0x000000008a000000, 0x000000008a000000, 0x000000008a100000|  0%| F|  |TAMS 0x000000008a000000, 0x000000008a000000| Untracked 
| 161|0x000000008a100000, 0x000000008a100000, 0x000000008a200000|  0%| F|  |TAMS 0x000000008a100000, 0x000000008a100000| Untracked 
| 162|0x000000008a200000, 0x000000008a200000, 0x000000008a300000|  0%| F|  |TAMS 0x000000008a200000, 0x000000008a200000| Untracked 
| 163|0x000000008a300000, 0x000000008a300000, 0x000000008a400000|  0%| F|  |TAMS 0x000000008a300000, 0x000000008a300000| Untracked 
| 164|0x000000008a400000, 0x000000008a400000, 0x000000008a500000|  0%| F|  |TAMS 0x000000008a400000, 0x000000008a400000| Untracked 
| 165|0x000000008a500000, 0x000000008a500000, 0x000000008a600000|  0%| F|  |TAMS 0x000000008a500000, 0x000000008a500000| Untracked 
| 166|0x000000008a600000, 0x000000008a600000, 0x000000008a700000|  0%| F|  |TAMS 0x000000008a600000, 0x000000008a600000| Untracked 
| 167|0x000000008a700000, 0x000000008a700000, 0x000000008a800000|  0%| F|  |TAMS 0x000000008a700000, 0x000000008a700000| Untracked 
| 168|0x000000008a800000, 0x000000008a800000, 0x000000008a900000|  0%| F|  |TAMS 0x000000008a800000, 0x000000008a800000| Untracked 
| 169|0x000000008a900000, 0x000000008a900000, 0x000000008aa00000|  0%| F|  |TAMS 0x000000008a900000, 0x000000008a900000| Untracked 
| 170|0x000000008aa00000, 0x000000008aa00000, 0x000000008ab00000|  0%| F|  |TAMS 0x000000008aa00000, 0x000000008aa00000| Untracked 
| 171|0x000000008ab00000, 0x000000008ab00000, 0x000000008ac00000|  0%| F|  |TAMS 0x000000008ab00000, 0x000000008ab00000| Untracked 
| 172|0x000000008ac00000, 0x000000008ac00000, 0x000000008ad00000|  0%| F|  |TAMS 0x000000008ac00000, 0x000000008ac00000| Untracked 
| 173|0x000000008ad00000, 0x000000008ad00000, 0x000000008ae00000|  0%| F|  |TAMS 0x000000008ad00000, 0x000000008ad00000| Untracked 
| 174|0x000000008ae00000, 0x000000008ae00000, 0x000000008af00000|  0%| F|  |TAMS 0x000000008ae00000, 0x000000008ae00000| Untracked 
| 175|0x000000008af00000, 0x000000008af00000, 0x000000008b000000|  0%| F|  |TAMS 0x000000008af00000, 0x000000008af00000| Untracked 
| 176|0x000000008b000000, 0x000000008b000000, 0x000000008b100000|  0%| F|  |TAMS 0x000000008b000000, 0x000000008b000000| Untracked 
| 177|0x000000008b100000, 0x000000008b100000, 0x000000008b200000|  0%| F|  |TAMS 0x000000008b100000, 0x000000008b100000| Untracked 
| 178|0x000000008b200000, 0x000000008b200000, 0x000000008b300000|  0%| F|  |TAMS 0x000000008b200000, 0x000000008b200000| Untracked 
| 179|0x000000008b300000, 0x000000008b300000, 0x000000008b400000|  0%| F|  |TAMS 0x000000008b300000, 0x000000008b300000| Untracked 
| 180|0x000000008b400000, 0x000000008b400000, 0x000000008b500000|  0%| F|  |TAMS 0x000000008b400000, 0x000000008b400000| Untracked 
| 181|0x000000008b500000, 0x000000008b500000, 0x000000008b600000|  0%| F|  |TAMS 0x000000008b500000, 0x000000008b500000| Untracked 
| 182|0x000000008b600000, 0x000000008b600000, 0x000000008b700000|  0%| F|  |TAMS 0x000000008b600000, 0x000000008b600000| Untracked 
| 183|0x000000008b700000, 0x000000008b700000, 0x000000008b800000|  0%| F|  |TAMS 0x000000008b700000, 0x000000008b700000| Untracked 
| 184|0x000000008b800000, 0x000000008b800000, 0x000000008b900000|  0%| F|  |TAMS 0x000000008b800000, 0x000000008b800000| Untracked 
| 185|0x000000008b900000, 0x000000008b900000, 0x000000008ba00000|  0%| F|  |TAMS 0x000000008b900000, 0x000000008b900000| Untracked 
| 186|0x000000008ba00000, 0x000000008ba00000, 0x000000008bb00000|  0%| F|  |TAMS 0x000000008ba00000, 0x000000008ba00000| Untracked 
| 187|0x000000008bb00000, 0x000000008bb00000, 0x000000008bc00000|  0%| F|  |TAMS 0x000000008bb00000, 0x000000008bb00000| Untracked 
| 188|0x000000008bc00000, 0x000000008bc00000, 0x000000008bd00000|  0%| F|  |TAMS 0x000000008bc00000, 0x000000008bc00000| Untracked 
| 189|0x000000008bd00000, 0x000000008bd00000, 0x000000008be00000|  0%| F|  |TAMS 0x000000008bd00000, 0x000000008bd00000| Untracked 
| 190|0x000000008be00000, 0x000000008be00000, 0x000000008bf00000|  0%| F|  |TAMS 0x000000008be00000, 0x000000008be00000| Untracked 
| 191|0x000000008bf00000, 0x000000008bf00000, 0x000000008c000000|  0%| F|  |TAMS 0x000000008bf00000, 0x000000008bf00000| Untracked 
| 192|0x000000008c000000, 0x000000008c000000, 0x000000008c100000|  0%| F|  |TAMS 0x000000008c000000, 0x000000008c000000| Untracked 
| 193|0x000000008c100000, 0x000000008c100000, 0x000000008c200000|  0%| F|  |TAMS 0x000000008c100000, 0x000000008c100000| Untracked 
| 194|0x000000008c200000, 0x000000008c200000, 0x000000008c300000|  0%| F|  |TAMS 0x000000008c200000, 0x000000008c200000| Untracked 
| 195|0x000000008c300000, 0x000000008c300000, 0x000000008c400000|  0%| F|  |TAMS 0x000000008c300000, 0x000000008c300000| Untracked 
| 196|0x000000008c400000, 0x000000008c400000, 0x000000008c500000|  0%| F|  |TAMS 0x000000008c400000, 0x000000008c400000| Untracked 
| 197|0x000000008c500000, 0x000000008c500000, 0x000000008c600000|  0%| F|  |TAMS 0x000000008c500000, 0x000000008c500000| Untracked 
| 198|0x000000008c600000, 0x000000008c600000, 0x000000008c700000|  0%| F|  |TAMS 0x000000008c600000, 0x000000008c600000| Untracked 
| 199|0x000000008c700000, 0x000000008c700000, 0x000000008c800000|  0%| F|  |TAMS 0x000000008c700000, 0x000000008c700000| Untracked 
| 200|0x000000008c800000, 0x000000008c800000, 0x000000008c900000|  0%| F|  |TAMS 0x000000008c800000, 0x000000008c800000| Untracked 
| 201|0x000000008c900000, 0x000000008c900000, 0x000000008ca00000|  0%| F|  |TAMS 0x000000008c900000, 0x000000008c900000| Untracked 
| 202|0x000000008ca00000, 0x000000008ca00000, 0x000000008cb00000|  0%| F|  |TAMS 0x000000008ca00000, 0x000000008ca00000| Untracked 
| 203|0x000000008cb00000, 0x000000008cb00000, 0x000000008cc00000|  0%| F|  |TAMS 0x000000008cb00000, 0x000000008cb00000| Untracked 
| 204|0x000000008cc00000, 0x000000008cc00000, 0x000000008cd00000|  0%| F|  |TAMS 0x000000008cc00000, 0x000000008cc00000| Untracked 
| 205|0x000000008cd00000, 0x000000008cd00000, 0x000000008ce00000|  0%| F|  |TAMS 0x000000008cd00000, 0x000000008cd00000| Untracked 
| 206|0x000000008ce00000, 0x000000008ce00000, 0x000000008cf00000|  0%| F|  |TAMS 0x000000008ce00000, 0x000000008ce00000| Untracked 
| 207|0x000000008cf00000, 0x000000008cf00000, 0x000000008d000000|  0%| F|  |TAMS 0x000000008cf00000, 0x000000008cf00000| Untracked 
| 208|0x000000008d000000, 0x000000008d000000, 0x000000008d100000|  0%| F|  |TAMS 0x000000008d000000, 0x000000008d000000| Untracked 
| 209|0x000000008d100000, 0x000000008d100000, 0x000000008d200000|  0%| F|  |TAMS 0x000000008d100000, 0x000000008d100000| Untracked 
| 210|0x000000008d200000, 0x000000008d200000, 0x000000008d300000|  0%| F|  |TAMS 0x000000008d200000, 0x000000008d200000| Untracked 
| 211|0x000000008d300000, 0x000000008d300000, 0x000000008d400000|  0%| F|  |TAMS 0x000000008d300000, 0x000000008d300000| Untracked 
| 212|0x000000008d400000, 0x000000008d400000, 0x000000008d500000|  0%| F|  |TAMS 0x000000008d400000, 0x000000008d400000| Untracked 
| 213|0x000000008d500000, 0x000000008d500000, 0x000000008d600000|  0%| F|  |TAMS 0x000000008d500000, 0x000000008d500000| Untracked 
| 214|0x000000008d600000, 0x000000008d600000, 0x000000008d700000|  0%| F|  |TAMS 0x000000008d600000, 0x000000008d600000| Untracked 
| 215|0x000000008d700000, 0x000000008d700000, 0x000000008d800000|  0%| F|  |TAMS 0x000000008d700000, 0x000000008d700000| Untracked 
| 216|0x000000008d800000, 0x000000008d800000, 0x000000008d900000|  0%| F|  |TAMS 0x000000008d800000, 0x000000008d800000| Untracked 
| 217|0x000000008d900000, 0x000000008d900000, 0x000000008da00000|  0%| F|  |TAMS 0x000000008d900000, 0x000000008d900000| Untracked 
| 218|0x000000008da00000, 0x000000008da00000, 0x000000008db00000|  0%| F|  |TAMS 0x000000008da00000, 0x000000008da00000| Untracked 
| 219|0x000000008db00000, 0x000000008db00000, 0x000000008dc00000|  0%| F|  |TAMS 0x000000008db00000, 0x000000008db00000| Untracked 
| 220|0x000000008dc00000, 0x000000008dc00000, 0x000000008dd00000|  0%| F|  |TAMS 0x000000008dc00000, 0x000000008dc00000| Untracked 
| 221|0x000000008dd00000, 0x000000008dd00000, 0x000000008de00000|  0%| F|  |TAMS 0x000000008dd00000, 0x000000008dd00000| Untracked 
| 222|0x000000008de00000, 0x000000008de00000, 0x000000008df00000|  0%| F|  |TAMS 0x000000008de00000, 0x000000008de00000| Untracked 
| 223|0x000000008df00000, 0x000000008df00000, 0x000000008e000000|  0%| F|  |TAMS 0x000000008df00000, 0x000000008df00000| Untracked 
| 224|0x000000008e000000, 0x000000008e000000, 0x000000008e100000|  0%| F|  |TAMS 0x000000008e000000, 0x000000008e000000| Untracked 
| 225|0x000000008e100000, 0x000000008e100000, 0x000000008e200000|  0%| F|  |TAMS 0x000000008e100000, 0x000000008e100000| Untracked 
| 226|0x000000008e200000, 0x000000008e282020, 0x000000008e300000| 50%| E|  |TAMS 0x000000008e200000, 0x000000008e200000| Complete 
| 227|0x000000008e300000, 0x000000008e400000, 0x000000008e400000|100%| E|CS|TAMS 0x000000008e300000, 0x000000008e300000| Complete 
| 228|0x000000008e400000, 0x000000008e500000, 0x000000008e500000|100%| E|CS|TAMS 0x000000008e400000, 0x000000008e400000| Complete 
| 229|0x000000008e500000, 0x000000008e600000, 0x000000008e600000|100%| E|CS|TAMS 0x000000008e500000, 0x000000008e500000| Complete 
| 230|0x000000008e600000, 0x000000008e700000, 0x000000008e700000|100%| E|CS|TAMS 0x000000008e600000, 0x000000008e600000| Complete 
| 231|0x000000008e700000, 0x000000008e800000, 0x000000008e800000|100%| E|CS|TAMS 0x000000008e700000, 0x000000008e700000| Complete 
| 232|0x000000008e800000, 0x000000008e900000, 0x000000008e900000|100%| E|CS|TAMS 0x000000008e800000, 0x000000008e800000| Complete 
| 233|0x000000008e900000, 0x000000008ea00000, 0x000000008ea00000|100%| E|CS|TAMS 0x000000008e900000, 0x000000008e900000| Complete 
| 234|0x000000008ea00000, 0x000000008eb00000, 0x000000008eb00000|100%| E|CS|TAMS 0x000000008ea00000, 0x000000008ea00000| Complete 
| 235|0x000000008eb00000, 0x000000008ec00000, 0x000000008ec00000|100%| E|CS|TAMS 0x000000008eb00000, 0x000000008eb00000| Complete 
| 236|0x000000008ec00000, 0x000000008ed00000, 0x000000008ed00000|100%| E|CS|TAMS 0x000000008ec00000, 0x000000008ec00000| Complete 
| 237|0x000000008ed00000, 0x000000008ee00000, 0x000000008ee00000|100%| E|CS|TAMS 0x000000008ed00000, 0x000000008ed00000| Complete 
| 238|0x000000008ee00000, 0x000000008ef00000, 0x000000008ef00000|100%| E|CS|TAMS 0x000000008ee00000, 0x000000008ee00000| Complete 
| 239|0x000000008ef00000, 0x000000008f000000, 0x000000008f000000|100%| E|CS|TAMS 0x000000008ef00000, 0x000000008ef00000| Complete 
| 240|0x000000008f000000, 0x000000008f100000, 0x000000008f100000|100%| E|CS|TAMS 0x000000008f000000, 0x000000008f000000| Complete 
| 241|0x000000008f100000, 0x000000008f200000, 0x000000008f200000|100%| E|CS|TAMS 0x000000008f100000, 0x000000008f100000| Complete 
| 242|0x000000008f200000, 0x000000008f300000, 0x000000008f300000|100%| E|CS|TAMS 0x000000008f200000, 0x000000008f200000| Complete 
| 243|0x000000008f300000, 0x000000008f400000, 0x000000008f400000|100%| E|CS|TAMS 0x000000008f300000, 0x000000008f300000| Complete 
| 244|0x000000008f400000, 0x000000008f500000, 0x000000008f500000|100%| E|CS|TAMS 0x000000008f400000, 0x000000008f400000| Complete 
| 245|0x000000008f500000, 0x000000008f600000, 0x000000008f600000|100%| E|CS|TAMS 0x000000008f500000, 0x000000008f500000| Complete 
| 246|0x000000008f600000, 0x000000008f700000, 0x000000008f700000|100%| E|CS|TAMS 0x000000008f600000, 0x000000008f600000| Complete 
| 247|0x000000008f700000, 0x000000008f800000, 0x000000008f800000|100%| E|CS|TAMS 0x000000008f700000, 0x000000008f700000| Complete 
| 248|0x000000008f800000, 0x000000008f900000, 0x000000008f900000|100%| E|CS|TAMS 0x000000008f800000, 0x000000008f800000| Complete 
| 249|0x000000008f900000, 0x000000008fa00000, 0x000000008fa00000|100%| E|CS|TAMS 0x000000008f900000, 0x000000008f900000| Complete 
| 250|0x000000008fa00000, 0x000000008fb00000, 0x000000008fb00000|100%| E|CS|TAMS 0x000000008fa00000, 0x000000008fa00000| Complete 
| 251|0x000000008fb00000, 0x000000008fc00000, 0x000000008fc00000|100%| E|CS|TAMS 0x000000008fb00000, 0x000000008fb00000| Complete 
| 252|0x000000008fc00000, 0x000000008fd00000, 0x000000008fd00000|100%| E|CS|TAMS 0x000000008fc00000, 0x000000008fc00000| Complete 
| 253|0x000000008fd00000, 0x000000008fe00000, 0x000000008fe00000|100%| E|CS|TAMS 0x000000008fd00000, 0x000000008fd00000| Complete 
| 254|0x000000008fe00000, 0x000000008ff00000, 0x000000008ff00000|100%| E|CS|TAMS 0x000000008fe00000, 0x000000008fe00000| Complete 
| 255|0x000000008ff00000, 0x0000000090000000, 0x0000000090000000|100%| E|CS|TAMS 0x000000008ff00000, 0x000000008ff00000| Complete 
| 256|0x0000000090000000, 0x0000000090100000, 0x0000000090100000|100%| E|CS|TAMS 0x0000000090000000, 0x0000000090000000| Complete 
| 257|0x0000000090100000, 0x0000000090200000, 0x0000000090200000|100%| E|CS|TAMS 0x0000000090100000, 0x0000000090100000| Complete 
| 258|0x0000000090200000, 0x0000000090300000, 0x0000000090300000|100%| E|CS|TAMS 0x0000000090200000, 0x0000000090200000| Complete 
| 259|0x0000000090300000, 0x0000000090400000, 0x0000000090400000|100%| E|CS|TAMS 0x0000000090300000, 0x0000000090300000| Complete 
| 260|0x0000000090400000, 0x0000000090500000, 0x0000000090500000|100%| E|CS|TAMS 0x0000000090400000, 0x0000000090400000| Complete 
| 261|0x0000000090500000, 0x0000000090600000, 0x0000000090600000|100%| E|CS|TAMS 0x0000000090500000, 0x0000000090500000| Complete 
| 262|0x0000000090600000, 0x0000000090700000, 0x0000000090700000|100%| E|CS|TAMS 0x0000000090600000, 0x0000000090600000| Complete 
| 263|0x0000000090700000, 0x0000000090800000, 0x0000000090800000|100%| E|CS|TAMS 0x0000000090700000, 0x0000000090700000| Complete 
| 264|0x0000000090800000, 0x0000000090900000, 0x0000000090900000|100%| E|CS|TAMS 0x0000000090800000, 0x0000000090800000| Complete 
| 265|0x0000000090900000, 0x0000000090a00000, 0x0000000090a00000|100%| E|CS|TAMS 0x0000000090900000, 0x0000000090900000| Complete 
| 266|0x0000000090a00000, 0x0000000090b00000, 0x0000000090b00000|100%| E|CS|TAMS 0x0000000090a00000, 0x0000000090a00000| Complete 
| 267|0x0000000090b00000, 0x0000000090c00000, 0x0000000090c00000|100%| E|CS|TAMS 0x0000000090b00000, 0x0000000090b00000| Complete 
| 268|0x0000000090c00000, 0x0000000090d00000, 0x0000000090d00000|100%| E|CS|TAMS 0x0000000090c00000, 0x0000000090c00000| Complete 
| 269|0x0000000090d00000, 0x0000000090e00000, 0x0000000090e00000|100%| E|CS|TAMS 0x0000000090d00000, 0x0000000090d00000| Complete 
| 270|0x0000000090e00000, 0x0000000090f00000, 0x0000000090f00000|100%| E|CS|TAMS 0x0000000090e00000, 0x0000000090e00000| Complete 
| 271|0x0000000090f00000, 0x0000000091000000, 0x0000000091000000|100%| E|CS|TAMS 0x0000000090f00000, 0x0000000090f00000| Complete 
| 272|0x0000000091000000, 0x0000000091100000, 0x0000000091100000|100%| E|CS|TAMS 0x0000000091000000, 0x0000000091000000| Complete 
| 273|0x0000000091100000, 0x0000000091200000, 0x0000000091200000|100%| E|CS|TAMS 0x0000000091100000, 0x0000000091100000| Complete 
| 274|0x0000000091200000, 0x0000000091300000, 0x0000000091300000|100%| E|CS|TAMS 0x0000000091200000, 0x0000000091200000| Complete 
| 275|0x0000000091300000, 0x0000000091400000, 0x0000000091400000|100%| E|CS|TAMS 0x0000000091300000, 0x0000000091300000| Complete 
| 276|0x0000000091400000, 0x0000000091500000, 0x0000000091500000|100%| E|CS|TAMS 0x0000000091400000, 0x0000000091400000| Complete 
| 277|0x0000000091500000, 0x0000000091600000, 0x0000000091600000|100%| E|CS|TAMS 0x0000000091500000, 0x0000000091500000| Complete 
| 278|0x0000000091600000, 0x0000000091700000, 0x0000000091700000|100%| E|CS|TAMS 0x0000000091600000, 0x0000000091600000| Complete 
| 279|0x0000000091700000, 0x0000000091800000, 0x0000000091800000|100%| E|CS|TAMS 0x0000000091700000, 0x0000000091700000| Complete 
| 280|0x0000000091800000, 0x0000000091900000, 0x0000000091900000|100%| E|CS|TAMS 0x0000000091800000, 0x0000000091800000| Complete 
| 281|0x0000000091900000, 0x0000000091a00000, 0x0000000091a00000|100%| E|CS|TAMS 0x0000000091900000, 0x0000000091900000| Complete 
| 282|0x0000000091a00000, 0x0000000091b00000, 0x0000000091b00000|100%| E|CS|TAMS 0x0000000091a00000, 0x0000000091a00000| Complete 
| 283|0x0000000091b00000, 0x0000000091c00000, 0x0000000091c00000|100%| E|CS|TAMS 0x0000000091b00000, 0x0000000091b00000| Complete 
| 284|0x0000000091c00000, 0x0000000091d00000, 0x0000000091d00000|100%| E|CS|TAMS 0x0000000091c00000, 0x0000000091c00000| Complete 
| 285|0x0000000091d00000, 0x0000000091e00000, 0x0000000091e00000|100%| E|CS|TAMS 0x0000000091d00000, 0x0000000091d00000| Complete 
| 286|0x0000000091e00000, 0x0000000091f00000, 0x0000000091f00000|100%| E|CS|TAMS 0x0000000091e00000, 0x0000000091e00000| Complete 
| 287|0x0000000091f00000, 0x0000000092000000, 0x0000000092000000|100%| E|CS|TAMS 0x0000000091f00000, 0x0000000091f00000| Complete 
| 288|0x0000000092000000, 0x0000000092100000, 0x0000000092100000|100%| E|CS|TAMS 0x0000000092000000, 0x0000000092000000| Complete 
| 289|0x0000000092100000, 0x0000000092200000, 0x0000000092200000|100%| E|CS|TAMS 0x0000000092100000, 0x0000000092100000| Complete 
| 290|0x0000000092200000, 0x0000000092300000, 0x0000000092300000|100%| E|CS|TAMS 0x0000000092200000, 0x0000000092200000| Complete 
| 291|0x0000000092300000, 0x0000000092400000, 0x0000000092400000|100%| E|CS|TAMS 0x0000000092300000, 0x0000000092300000| Complete 
| 292|0x0000000092400000, 0x0000000092500000, 0x0000000092500000|100%| E|CS|TAMS 0x0000000092400000, 0x0000000092400000| Complete 
| 293|0x0000000092500000, 0x0000000092600000, 0x0000000092600000|100%| E|CS|TAMS 0x0000000092500000, 0x0000000092500000| Complete 
| 294|0x0000000092600000, 0x0000000092700000, 0x0000000092700000|100%| E|CS|TAMS 0x0000000092600000, 0x0000000092600000| Complete 
| 295|0x0000000092700000, 0x0000000092800000, 0x0000000092800000|100%| E|CS|TAMS 0x0000000092700000, 0x0000000092700000| Complete 
| 296|0x0000000092800000, 0x0000000092900000, 0x0000000092900000|100%| E|CS|TAMS 0x0000000092800000, 0x0000000092800000| Complete 
| 297|0x0000000092900000, 0x0000000092a00000, 0x0000000092a00000|100%| E|CS|TAMS 0x0000000092900000, 0x0000000092900000| Complete 
| 298|0x0000000092a00000, 0x0000000092b00000, 0x0000000092b00000|100%| E|CS|TAMS 0x0000000092a00000, 0x0000000092a00000| Complete 
| 299|0x0000000092b00000, 0x0000000092c00000, 0x0000000092c00000|100%| E|CS|TAMS 0x0000000092b00000, 0x0000000092b00000| Complete 
| 300|0x0000000092c00000, 0x0000000092d00000, 0x0000000092d00000|100%| E|CS|TAMS 0x0000000092c00000, 0x0000000092c00000| Complete 
| 301|0x0000000092d00000, 0x0000000092e00000, 0x0000000092e00000|100%| E|CS|TAMS 0x0000000092d00000, 0x0000000092d00000| Complete 
| 302|0x0000000092e00000, 0x0000000092f00000, 0x0000000092f00000|100%| E|CS|TAMS 0x0000000092e00000, 0x0000000092e00000| Complete 
| 303|0x0000000092f00000, 0x0000000093000000, 0x0000000093000000|100%| E|CS|TAMS 0x0000000092f00000, 0x0000000092f00000| Complete 
| 304|0x0000000093000000, 0x0000000093100000, 0x0000000093100000|100%| E|CS|TAMS 0x0000000093000000, 0x0000000093000000| Complete 
| 305|0x0000000093100000, 0x0000000093200000, 0x0000000093200000|100%| E|CS|TAMS 0x0000000093100000, 0x0000000093100000| Complete 
| 306|0x0000000093200000, 0x0000000093300000, 0x0000000093300000|100%| E|CS|TAMS 0x0000000093200000, 0x0000000093200000| Complete 
| 307|0x0000000093300000, 0x0000000093400000, 0x0000000093400000|100%| E|CS|TAMS 0x0000000093300000, 0x0000000093300000| Complete 
| 308|0x0000000093400000, 0x0000000093500000, 0x0000000093500000|100%| E|CS|TAMS 0x0000000093400000, 0x0000000093400000| Complete 
| 309|0x0000000093500000, 0x0000000093600000, 0x0000000093600000|100%| E|CS|TAMS 0x0000000093500000, 0x0000000093500000| Complete 
| 310|0x0000000093600000, 0x00000000936896a0, 0x0000000093700000| 53%| S|CS|TAMS 0x0000000093600000, 0x0000000093600000| Complete 
| 311|0x0000000093700000, 0x0000000093800000, 0x0000000093800000|100%| E|CS|TAMS 0x0000000093700000, 0x0000000093700000| Complete 
| 312|0x0000000093800000, 0x0000000093900000, 0x0000000093900000|100%| E|CS|TAMS 0x0000000093800000, 0x0000000093800000| Complete 
| 313|0x0000000093900000, 0x0000000093a00000, 0x0000000093a00000|100%| E|CS|TAMS 0x0000000093900000, 0x0000000093900000| Complete 
| 314|0x0000000093a00000, 0x0000000093b00000, 0x0000000093b00000|100%| E|CS|TAMS 0x0000000093a00000, 0x0000000093a00000| Complete 
| 315|0x0000000093b00000, 0x0000000093c00000, 0x0000000093c00000|100%| E|CS|TAMS 0x0000000093b00000, 0x0000000093b00000| Complete 
| 316|0x0000000093c00000, 0x0000000093d00000, 0x0000000093d00000|100%| E|CS|TAMS 0x0000000093c00000, 0x0000000093c00000| Complete 
| 317|0x0000000093d00000, 0x0000000093e00000, 0x0000000093e00000|100%| E|CS|TAMS 0x0000000093d00000, 0x0000000093d00000| Complete 
| 318|0x0000000093e00000, 0x0000000093f00000, 0x0000000093f00000|100%| E|CS|TAMS 0x0000000093e00000, 0x0000000093e00000| Complete 
| 319|0x0000000093f00000, 0x0000000094000000, 0x0000000094000000|100%| E|CS|TAMS 0x0000000093f00000, 0x0000000093f00000| Complete 
| 320|0x0000000094000000, 0x0000000094100000, 0x0000000094100000|100%| E|CS|TAMS 0x0000000094000000, 0x0000000094000000| Complete 
| 321|0x0000000094100000, 0x0000000094200000, 0x0000000094200000|100%| E|CS|TAMS 0x0000000094100000, 0x0000000094100000| Complete 
| 322|0x0000000094200000, 0x0000000094300000, 0x0000000094300000|100%| E|CS|TAMS 0x0000000094200000, 0x0000000094200000| Complete 

Card table byte_map: [0x00000216be070000,0x00000216be470000] _byte_map_base: 0x00000216bdc70000

Marking Bits (Prev, Next): (CMBitMap*) 0x00000216a664d4f8, (CMBitMap*) 0x00000216a664d530
 Prev Bits: [0x00000216be870000, 0x00000216c0870000)
 Next Bits: [0x00000216c0870000, 0x00000216c2870000)

Polling page: 0x00000216a45d0000

Metaspace:

Usage:
  Non-class:    113.11 MB capacity,   110.76 MB ( 98%) used,     2.00 MB (  2%) free+waste,   362.50 KB ( <1%) overhead. 
      Class:     16.30 MB capacity,    15.14 MB ( 93%) used,     1.00 MB (  6%) free+waste,   153.56 KB ( <1%) overhead. 
       Both:    129.41 MB capacity,   125.91 MB ( 97%) used,     3.00 MB (  2%) free+waste,   516.06 KB ( <1%) overhead. 

Virtual space:
  Non-class space:      114.00 MB reserved,     113.11 MB (>99%) committed 
      Class space:        1.00 GB reserved,      16.38 MB (  2%) committed 
             Both:        1.11 GB reserved,     129.49 MB ( 11%) committed 

Chunk freelists:
   Non-Class:  0 bytes
       Class:  48.00 KB
        Both:  48.00 KB

MaxMetaspaceSize: 17179869184.00 GB
CompressedClassSpaceSize: 1.00 GB

CodeHeap 'non-profiled nmethods': size=120064Kb used=21684Kb max_used=22130Kb free=98379Kb
 bounds [0x00000216b6730000, 0x00000216b7d10000, 0x00000216bdc70000]
CodeHeap 'profiled nmethods': size=120000Kb used=49720Kb max_used=52431Kb free=70279Kb
 bounds [0x00000216af200000, 0x00000216b25a0000, 0x00000216b6730000]
CodeHeap 'non-nmethods': size=5696Kb used=2366Kb max_used=2459Kb free=3329Kb
 bounds [0x00000216aec70000, 0x00000216aef00000, 0x00000216af200000]
 total_blobs=22886 nmethods=21888 adapters=908
 compilation: enabled
              stopped_count=0, restarted_count=0
 full_count=0

Compilation events (20 events):
Event: 1184.398 Thread 0x00000216de20e800 nmethod 27247 0x00000216b7239d10 code [0x00000216b7239ea0, 0x00000216b7239f38]
Event: 1184.399 Thread 0x00000216de20e800 27226       4       java.util.BitSet::clear (70 bytes)
Event: 1184.401 Thread 0x00000216c4d81000 nmethod 26564 0x00000216b75e7a10 code [0x00000216b75e7ec0, 0x00000216b75ec270]
Event: 1184.401 Thread 0x00000216c4d81000 26798       4       com.android.tools.r8.ir.regalloc.a$$Lambda$1101/0x0000000100fcd840::accept (8 bytes)
Event: 1184.403 Thread 0x00000216de20e800 nmethod 27226 0x00000216b7266f10 code [0x00000216b72670a0, 0x00000216b72671f8]
Event: 1184.403 Thread 0x00000216de20e800 27245       4       com.android.tools.r8.graph.I::a (338 bytes)
Event: 1184.417 Thread 0x00000216c4d81000 nmethod 26798 0x00000216b7314710 code [0x00000216b73148e0, 0x00000216b7314c28]
Event: 1184.417 Thread 0x00000216c4d81000 27179       4       java.util.Collections$SetFromMap::forEach (11 bytes)
Event: 1184.428 Thread 0x00000216c4d81000 nmethod 27179 0x00000216b733b310 code [0x00000216b733b4c0, 0x00000216b733b718]
Event: 1184.428 Thread 0x00000216c4d81000 26802       4       com.android.tools.r8.r.n.N::a (20 bytes)
Event: 1184.478 Thread 0x00000216c4d81000 nmethod 26802 0x00000216b73a8810 code [0x00000216b73a8a40, 0x00000216b73a9550]
Event: 1184.478 Thread 0x00000216c4d81000 27281       4       java.util.AbstractQueue::addAll (67 bytes)
Event: 1184.513 Thread 0x00000216de20e800 nmethod 27245 0x00000216b7586a10 code [0x00000216b7586ca0, 0x00000216b7588d88]
Event: 1184.514 Thread 0x00000216de20e800 27283       4       com.android.tools.r8.ir.optimize.Z::a (1306 bytes)
Event: 1184.524 Thread 0x00000216c4d86800 27286       2       com.android.tools.r8.ir.conversion.N::a (41 bytes)
Event: 1184.524 Thread 0x00000216c4d86800 nmethod 27286 0x00000216af30ba10 code [0x00000216af30bc00, 0x00000216af30be18]
Event: 1184.602 Thread 0x00000216c4d81000 nmethod 27281 0x00000216b75ae210 code [0x00000216b75ae440, 0x00000216b75afb08]
Event: 1184.602 Thread 0x00000216c4d81000 27282       4       com.android.tools.r8.r.n.A::a (552 bytes)
Event: 1184.957 Thread 0x00000216c4d86800 27305       3       java.util.TreeMap::lastKey (8 bytes)
Event: 1184.958 Thread 0x00000216c4d86800 nmethod 27305 0x00000216af30d010 code [0x00000216af30d200, 0x00000216af30d5a8]

GC Heap History (20 events):
Event: 1156.108 GC heap before
{Heap before GC invocations=124 (full 0):
 garbage-first heap   total 330752K, used 141091K [0x0000000080000000, 0x0000000100000000)
  region size 1024K, 16 young (16384K), 2 survivors (2048K)
 Metaspace       used 128685K, capacity 132290K, committed 132596K, reserved 1165312K
  class space    used 15488K, capacity 16681K, committed 16768K, reserved 1048576K
}
Event: 1156.118 GC heap after
{Heap after GC invocations=125 (full 0):
 garbage-first heap   total 330752K, used 125778K [0x0000000080000000, 0x0000000100000000)
  region size 1024K, 2 young (2048K), 2 survivors (2048K)
 Metaspace       used 128685K, capacity 132290K, committed 132596K, reserved 1165312K
  class space    used 15488K, capacity 16681K, committed 16768K, reserved 1048576K
}
Event: 1157.087 GC heap before
{Heap before GC invocations=125 (full 0):
 garbage-first heap   total 330752K, used 278354K [0x0000000080000000, 0x0000000100000000)
  region size 1024K, 152 young (155648K), 2 survivors (2048K)
 Metaspace       used 128692K, capacity 132290K, committed 132596K, reserved 1165312K
  class space    used 15488K, capacity 16681K, committed 16768K, reserved 1048576K
}
Event: 1157.095 GC heap after
{Heap after GC invocations=126 (full 0):
 garbage-first heap   total 330752K, used 126313K [0x0000000080000000, 0x0000000100000000)
  region size 1024K, 2 young (2048K), 2 survivors (2048K)
 Metaspace       used 128692K, capacity 132290K, committed 132596K, reserved 1165312K
  class space    used 15488K, capacity 16681K, committed 16768K, reserved 1048576K
}
Event: 1160.267 GC heap before
{Heap before GC invocations=127 (full 0):
 garbage-first heap   total 330752K, used 281961K [0x0000000080000000, 0x0000000100000000)
  region size 1024K, 154 young (157696K), 2 survivors (2048K)
 Metaspace       used 128710K, capacity 132292K, committed 132596K, reserved 1165312K
  class space    used 15488K, capacity 16681K, committed 16768K, reserved 1048576K
}
Event: 1160.278 GC heap after
{Heap after GC invocations=128 (full 0):
 garbage-first heap   total 330752K, used 134020K [0x0000000080000000, 0x0000000100000000)
  region size 1024K, 10 young (10240K), 10 survivors (10240K)
 Metaspace       used 128710K, capacity 132292K, committed 132596K, reserved 1165312K
  class space    used 15488K, capacity 16681K, committed 16768K, reserved 1048576K
}
Event: 1160.301 GC heap before
{Heap before GC invocations=128 (full 0):
 garbage-first heap   total 330752K, used 139140K [0x0000000080000000, 0x0000000100000000)
  region size 1024K, 16 young (16384K), 10 survivors (10240K)
 Metaspace       used 128711K, capacity 132292K, committed 132596K, reserved 1165312K
  class space    used 15488K, capacity 16681K, committed 16768K, reserved 1048576K
}
Event: 1160.316 GC heap after
{Heap after GC invocations=129 (full 0):
 garbage-first heap   total 330752K, used 124200K [0x0000000080000000, 0x0000000100000000)
  region size 1024K, 1 young (1024K), 1 survivors (1024K)
 Metaspace       used 128711K, capacity 132292K, committed 132596K, reserved 1165312K
  class space    used 15488K, capacity 16681K, committed 16768K, reserved 1048576K
}
Event: 1162.169 GC heap before
{Heap before GC invocations=129 (full 0):
 garbage-first heap   total 330752K, used 276776K [0x0000000080000000, 0x0000000100000000)
  region size 1024K, 150 young (153600K), 1 survivors (1024K)
 Metaspace       used 128736K, capacity 132356K, committed 132596K, reserved 1165312K
  class space    used 15488K, capacity 16681K, committed 16768K, reserved 1048576K
}
Event: 1162.181 GC heap after
{Heap after GC invocations=130 (full 0):
 garbage-first heap   total 330752K, used 125011K [0x0000000080000000, 0x0000000100000000)
  region size 1024K, 2 young (2048K), 2 survivors (2048K)
 Metaspace       used 128736K, capacity 132356K, committed 132596K, reserved 1165312K
  class space    used 15488K, capacity 16681K, committed 16768K, reserved 1048576K
}
Event: 1163.284 GC heap before
{Heap before GC invocations=131 (full 0):
 garbage-first heap   total 330752K, used 279635K [0x0000000080000000, 0x0000000100000000)
  region size 1024K, 153 young (156672K), 2 survivors (2048K)
 Metaspace       used 128742K, capacity 132356K, committed 132596K, reserved 1165312K
  class space    used 15488K, capacity 16681K, committed 16768K, reserved 1048576K
}
Event: 1163.291 GC heap after
{Heap after GC invocations=132 (full 0):
 garbage-first heap   total 330752K, used 126269K [0x0000000080000000, 0x0000000100000000)
  region size 1024K, 3 young (3072K), 3 survivors (3072K)
 Metaspace       used 128742K, capacity 132356K, committed 132596K, reserved 1165312K
  class space    used 15488K, capacity 16681K, committed 16768K, reserved 1048576K
}
Event: 1163.339 GC heap before
{Heap before GC invocations=132 (full 0):
 garbage-first heap   total 330752K, used 139581K [0x0000000080000000, 0x0000000100000000)
  region size 1024K, 16 young (16384K), 3 survivors (3072K)
 Metaspace       used 128742K, capacity 132356K, committed 132596K, reserved 1165312K
  class space    used 15488K, capacity 16681K, committed 16768K, reserved 1048576K
}
Event: 1163.345 GC heap after
{Heap after GC invocations=133 (full 0):
 garbage-first heap   total 330752K, used 125889K [0x0000000080000000, 0x0000000100000000)
  region size 1024K, 1 young (1024K), 1 survivors (1024K)
 Metaspace       used 128742K, capacity 132356K, committed 132596K, reserved 1165312K
  class space    used 15488K, capacity 16681K, committed 16768K, reserved 1048576K
}
Event: 1165.589 GC heap before
{Heap before GC invocations=133 (full 0):
 garbage-first heap   total 330752K, used 280513K [0x0000000080000000, 0x0000000100000000)
  region size 1024K, 152 young (155648K), 1 survivors (1024K)
 Metaspace       used 128750K, capacity 132360K, committed 132596K, reserved 1165312K
  class space    used 15488K, capacity 16682K, committed 16768K, reserved 1048576K
}
Event: 1165.596 GC heap after
{Heap after GC invocations=134 (full 0):
 garbage-first heap   total 330752K, used 126713K [0x0000000080000000, 0x0000000100000000)
  region size 1024K, 2 young (2048K), 2 survivors (2048K)
 Metaspace       used 128750K, capacity 132360K, committed 132596K, reserved 1165312K
  class space    used 15488K, capacity 16682K, committed 16768K, reserved 1048576K
}
Event: 1175.721 GC heap before
{Heap before GC invocations=135 (full 0):
 garbage-first heap   total 330752K, used 282361K [0x0000000080000000, 0x0000000100000000)
  region size 1024K, 154 young (157696K), 2 survivors (2048K)
 Metaspace       used 128841K, capacity 132427K, committed 132596K, reserved 1165312K
  class space    used 15498K, capacity 16683K, committed 16768K, reserved 1048576K
}
Event: 1175.741 GC heap after
{Heap after GC invocations=136 (full 0):
 garbage-first heap   total 330752K, used 128997K [0x0000000080000000, 0x0000000100000000)
  region size 1024K, 4 young (4096K), 4 survivors (4096K)
 Metaspace       used 128841K, capacity 132427K, committed 132596K, reserved 1165312K
  class space    used 15498K, capacity 16683K, committed 16768K, reserved 1048576K
}
Event: 1176.944 GC heap before
{Heap before GC invocations=136 (full 0):
 garbage-first heap   total 330752K, used 140261K [0x0000000080000000, 0x0000000100000000)
  region size 1024K, 16 young (16384K), 4 survivors (4096K)
 Metaspace       used 128842K, capacity 132427K, committed 132596K, reserved 1165312K
  class space    used 15498K, capacity 16683K, committed 16768K, reserved 1048576K
}
Event: 1176.953 GC heap after
{Heap after GC invocations=137 (full 0):
 garbage-first heap   total 330752K, used 125867K [0x0000000080000000, 0x0000000100000000)
  region size 1024K, 1 young (1024K), 1 survivors (1024K)
 Metaspace       used 128842K, capacity 132427K, committed 132596K, reserved 1165312K
  class space    used 15498K, capacity 16683K, committed 16768K, reserved 1048576K
}

Deoptimization events (20 events):
Event: 1184.392 Thread 0x00000216c74ce000 Uncommon trap: reason=profile_predicate action=maybe_recompile pc=0x00000216b749c3d4 method=com.android.tools.r8.ir.regalloc.a.a(ILcom/android/tools/r8/ir/regalloc/h;ZLcom/android/tools/r8/ir/regalloc/h$a;)I @ 12 c2
Event: 1184.392 Thread 0x00000216c74ce000 DEOPT PACKING pc=0x00000216b749c3d4 sp=0x000000ea860f70f0
Event: 1184.392 Thread 0x00000216c74ce000 DEOPT UNPACKING pc=0x00000216aec974af sp=0x000000ea860f7030 mode 2
Event: 1184.393 Thread 0x00000216c74ce000 Uncommon trap: trap_request=0xffffffbe fr.pc=0x00000216b749c3d4 relative=0x0000000000000b74
Event: 1184.393 Thread 0x00000216c842f800 Uncommon trap: reason=profile_predicate action=maybe_recompile pc=0x00000216b749c3d4 method=com.android.tools.r8.ir.regalloc.a.a(ILcom/android/tools/r8/ir/regalloc/h;ZLcom/android/tools/r8/ir/regalloc/h$a;)I @ 12 c2
Event: 1184.393 Thread 0x00000216c842f800 DEOPT PACKING pc=0x00000216b749c3d4 sp=0x000000ea876f9f40
Event: 1184.393 Thread 0x00000216c842f800 DEOPT UNPACKING pc=0x00000216aec974af sp=0x000000ea876f9e80 mode 2
Event: 1184.954 Thread 0x00000216c74ce000 Uncommon trap: reason=profile_predicate action=maybe_recompile pc=0x00000216b749c3d4 method=com.android.tools.r8.ir.regalloc.a.a(ILcom/android/tools/r8/ir/regalloc/h;ZLcom/android/tools/r8/ir/regalloc/h$a;)I @ 12 c2
Event: 1184.954 Thread 0x00000216c74ce000 DEOPT PACKING pc=0x00000216b749c3d4 sp=0x000000ea860f70f0
Event: 1184.954 Thread 0x00000216c74ce000 DEOPT UNPACKING pc=0x00000216aec974af sp=0x000000ea860f7030 mode 2
Event: 1184.958 Thread 0x00000216c74ce000 DEOPT PACKING pc=0x00000216b2233d4b sp=0x000000ea860f6de0
Event: 1184.958 Thread 0x00000216c74ce000 DEOPT UNPACKING pc=0x00000216aec972ce sp=0x000000ea860f6228 mode 0
Event: 1185.139 Thread 0x00000216c74ce000 DEOPT PACKING pc=0x00000216b0e093fb sp=0x000000ea860f6e20
Event: 1185.139 Thread 0x00000216c74ce000 DEOPT UNPACKING pc=0x00000216aec972ce sp=0x000000ea860f62d8 mode 0
Event: 1185.139 Thread 0x00000216c74ce000 DEOPT PACKING pc=0x00000216b2592522 sp=0x000000ea860f6fc0
Event: 1185.139 Thread 0x00000216c74ce000 DEOPT UNPACKING pc=0x00000216aec972ce sp=0x000000ea860f6770 mode 0
Event: 1185.192 Thread 0x00000216c842f800 Uncommon trap: trap_request=0xffffffde fr.pc=0x00000216b79b3904 relative=0x00000000000064e4
Event: 1185.192 Thread 0x00000216c842f800 Uncommon trap: reason=class_check action=maybe_recompile pc=0x00000216b79b3904 method=com.android.tools.r8.ir.conversion.o.a(Lcom/android/tools/r8/ir/conversion/N;IZ)V @ 526 c2
Event: 1185.192 Thread 0x00000216c842f800 DEOPT PACKING pc=0x00000216b79b3904 sp=0x000000ea876fa350
Event: 1185.192 Thread 0x00000216c842f800 DEOPT UNPACKING pc=0x00000216aec974af sp=0x000000ea876fa360 mode 2

Classes redefined (0 events):
No events

Internal exceptions (20 events):
Event: 1162.748 Thread 0x00000216c842c800 Exception <a 'sun/nio/fs/WindowsException'{0x0000000090b5d038}> (0x0000000090b5d038) thrown at [./src/hotspot/share/prims/jni.cpp, line 615]
Event: 1162.754 Thread 0x00000216c8430800 Exception <a 'sun/nio/fs/WindowsException'{0x0000000090aaedb0}> (0x0000000090aaedb0) thrown at [./src/hotspot/share/prims/jni.cpp, line 615]
Event: 1162.848 Thread 0x00000216c74ce000 Exception <a 'sun/nio/fs/WindowsException'{0x000000008f7ae240}> (0x000000008f7ae240) thrown at [./src/hotspot/share/prims/jni.cpp, line 615]
Event: 1163.248 Thread 0x00000216c8430800 Exception <a 'sun/nio/fs/WindowsException'{0x000000008aff3838}> (0x000000008aff3838) thrown at [./src/hotspot/share/prims/jni.cpp, line 615]
Event: 1163.271 Thread 0x00000216c842c800 Exception <a 'sun/nio/fs/WindowsException'{0x000000008b993028}> (0x000000008b993028) thrown at [./src/hotspot/share/prims/jni.cpp, line 615]
Event: 1163.669 Thread 0x00000216c842c800 Exception <a 'sun/nio/fs/WindowsException'{0x00000000941587f8}> (0x00000000941587f8) thrown at [./src/hotspot/share/prims/jni.cpp, line 615]
Event: 1163.739 Thread 0x00000216c74ce000 Exception <a 'sun/nio/fs/WindowsException'{0x00000000915e4b90}> (0x00000000915e4b90) thrown at [./src/hotspot/share/prims/jni.cpp, line 615]
Event: 1163.788 Thread 0x00000216c8430800 Exception <a 'sun/nio/fs/WindowsException'{0x000000009119ad28}> (0x000000009119ad28) thrown at [./src/hotspot/share/prims/jni.cpp, line 615]
Event: 1163.879 Thread 0x00000216c842c800 Exception <a 'sun/nio/fs/WindowsException'{0x00000000901ce2b0}> (0x00000000901ce2b0) thrown at [./src/hotspot/share/prims/jni.cpp, line 615]
Event: 1164.192 Thread 0x00000216c74ce000 Exception <a 'sun/nio/fs/WindowsException'{0x000000008fb91fe0}> (0x000000008fb91fe0) thrown at [./src/hotspot/share/prims/jni.cpp, line 615]
Event: 1164.203 Thread 0x00000216c842c800 Exception <a 'sun/nio/fs/WindowsException'{0x00000000901fb1b8}> (0x00000000901fb1b8) thrown at [./src/hotspot/share/prims/jni.cpp, line 615]
Event: 1164.666 Thread 0x00000216c8430800 Exception <a 'sun/nio/fs/WindowsException'{0x00000000911f7088}> (0x00000000911f7088) thrown at [./src/hotspot/share/prims/jni.cpp, line 615]
Event: 1164.937 Thread 0x00000216c8430800 Exception <a 'sun/nio/fs/WindowsException'{0x000000008cd5d7b0}> (0x000000008cd5d7b0) thrown at [./src/hotspot/share/prims/jni.cpp, line 615]
Event: 1165.068 Thread 0x00000216c842c800 Exception <a 'sun/nio/fs/WindowsException'{0x000000008ecd3b98}> (0x000000008ecd3b98) thrown at [./src/hotspot/share/prims/jni.cpp, line 615]
Event: 1165.090 Thread 0x00000216c842c800 Exception <a 'sun/nio/fs/WindowsException'{0x000000008ba02738}> (0x000000008ba02738) thrown at [./src/hotspot/share/prims/jni.cpp, line 615]
Event: 1165.121 Thread 0x00000216c8430800 Exception <a 'sun/nio/fs/WindowsException'{0x000000008b5b71f0}> (0x000000008b5b71f0) thrown at [./src/hotspot/share/prims/jni.cpp, line 615]
Event: 1165.137 Thread 0x00000216c8430800 Exception <a 'sun/nio/fs/WindowsException'{0x000000008b10e240}> (0x000000008b10e240) thrown at [./src/hotspot/share/prims/jni.cpp, line 615]
Event: 1165.587 Thread 0x00000216c74ce000 Exception <a 'sun/nio/fs/WindowsException'{0x000000008ab15008}> (0x000000008ab15008) thrown at [./src/hotspot/share/prims/jni.cpp, line 615]
Event: 1166.185 Thread 0x00000216c74ce000 Exception <a 'sun/nio/fs/WindowsException'{0x000000009306f608}> (0x000000009306f608) thrown at [./src/hotspot/share/prims/jni.cpp, line 615]
Event: 1170.408 Thread 0x00000216c74ce000 Exception <a 'sun/nio/fs/WindowsException'{0x000000008eea35b8}> (0x000000008eea35b8) thrown at [./src/hotspot/share/prims/jni.cpp, line 615]

Events (20 events):
Event: 1182.536 Thread 0x00000216c4d99800 flushing nmethod 0x00000216b1c1b710
Event: 1182.536 Thread 0x00000216c4d99800 flushing nmethod 0x00000216b1c2c510
Event: 1182.536 Thread 0x00000216c4d99800 flushing nmethod 0x00000216b1c4dd90
Event: 1182.536 Thread 0x00000216c4d99800 flushing nmethod 0x00000216b1c4e210
Event: 1182.536 Thread 0x00000216c4d99800 flushing nmethod 0x00000216b1c4f190
Event: 1182.536 Thread 0x00000216c4d99800 flushing nmethod 0x00000216b1c51b90
Event: 1182.536 Thread 0x00000216c4d99800 flushing nmethod 0x00000216b1c52510
Event: 1182.536 Thread 0x00000216c4d99800 flushing nmethod 0x00000216b1c52890
Event: 1182.536 Thread 0x00000216c4d99800 flushing nmethod 0x00000216b1c66b90
Event: 1182.536 Thread 0x00000216c4d99800 flushing nmethod 0x00000216b1c6fe90
Event: 1182.536 Thread 0x00000216c4d99800 flushing nmethod 0x00000216b1c75b10
Event: 1182.536 Thread 0x00000216c4d99800 flushing nmethod 0x00000216b1c77a90
Event: 1182.536 Thread 0x00000216c4d99800 flushing nmethod 0x00000216b1c7f990
Event: 1182.536 Thread 0x00000216c4d99800 flushing nmethod 0x00000216b1c80010
Event: 1182.536 Thread 0x00000216c4d99800 flushing nmethod 0x00000216b1c80410
Event: 1182.536 Thread 0x00000216c4d99800 flushing nmethod 0x00000216b1c81d90
Event: 1183.259 loading class com/android/tools/r8/ir/conversion/N$a
Event: 1183.259 loading class com/android/tools/r8/ir/conversion/N$a done
Event: 1183.363 loading class com/android/tools/r8/u/b/n$a
Event: 1183.363 loading class com/android/tools/r8/u/b/n$a done


Dynamic libraries:
0x00007ff6c1540000 - 0x00007ff6c154d000 	C:\Program Files\Java\jdk11.0.8_10\bin\java.exe
0x00007fff032a0000 - 0x00007fff03490000 	C:\WINDOWS\SYSTEM32\ntdll.dll
0x00007fff03010000 - 0x00007fff030c2000 	C:\WINDOWS\System32\KERNEL32.DLL
0x00007fff004b0000 - 0x00007fff00754000 	C:\WINDOWS\System32\KERNELBASE.dll
0x00007fff00fe0000 - 0x00007fff010da000 	C:\WINDOWS\System32\ucrtbase.dll
0x00007ffeded90000 - 0x00007ffededa7000 	C:\Program Files\Java\jdk11.0.8_10\bin\jli.dll
0x00007ffee04b0000 - 0x00007ffee04c5000 	C:\Program Files\Java\jdk11.0.8_10\bin\VCRUNTIME140.dll
0x00007fff01350000 - 0x00007fff014e5000 	C:\WINDOWS\System32\USER32.dll
0x00007ffef87b0000 - 0x00007ffef8a34000 	C:\WINDOWS\WinSxS\amd64_microsoft.windows.common-controls_6595b64144ccf1df_6.0.18362.1016_none_9e7a36bbe461dae4\COMCTL32.dll
0x00007fff00220000 - 0x00007fff00241000 	C:\WINDOWS\System32\win32u.dll
0x00007fff01910000 - 0x00007fff019ae000 	C:\WINDOWS\System32\msvcrt.dll
0x00007fff02fe0000 - 0x00007fff03006000 	C:\WINDOWS\System32\GDI32.dll
0x00007fff019b0000 - 0x00007fff01ce5000 	C:\WINDOWS\System32\combase.dll
0x00007fff010e0000 - 0x00007fff01276000 	C:\WINDOWS\System32\gdi32full.dll
0x00007fff01570000 - 0x00007fff01690000 	C:\WINDOWS\System32\RPCRT4.dll
0x00007fff007b0000 - 0x00007fff0084e000 	C:\WINDOWS\System32\msvcp_win.dll
0x00007fff00280000 - 0x00007fff00300000 	C:\WINDOWS\System32\bcryptPrimitives.dll
0x00007fff03150000 - 0x00007fff0317e000 	C:\WINDOWS\System32\IMM32.DLL
0x00007ffedc5e0000 - 0x00007ffedc67b000 	C:\Program Files\Java\jdk11.0.8_10\bin\msvcp140.dll
0x00007ffeb53a0000 - 0x00007ffeb5e5d000 	C:\Program Files\Java\jdk11.0.8_10\bin\server\jvm.dll
0x00007fff02c00000 - 0x00007fff02ca3000 	C:\WINDOWS\System32\ADVAPI32.dll
0x00007fff02b60000 - 0x00007fff02bf7000 	C:\WINDOWS\System32\sechost.dll
0x00007fff02cc0000 - 0x00007fff02cc8000 	C:\WINDOWS\System32\PSAPI.DLL
0x00007ffef4dc0000 - 0x00007ffef4dc9000 	C:\WINDOWS\SYSTEM32\WSOCK32.dll
0x00007fff02cd0000 - 0x00007fff02d3f000 	C:\WINDOWS\System32\WS2_32.dll
0x00007ffef91c0000 - 0x00007ffef91e4000 	C:\WINDOWS\SYSTEM32\WINMM.dll
0x00007ffef8d50000 - 0x00007ffef8d5a000 	C:\WINDOWS\SYSTEM32\VERSION.dll
0x00007ffef9130000 - 0x00007ffef915d000 	C:\WINDOWS\SYSTEM32\winmmbase.dll
0x00007fff00760000 - 0x00007fff007aa000 	C:\WINDOWS\System32\cfgmgr32.dll
0x00007fff00160000 - 0x00007fff00171000 	C:\WINDOWS\System32\kernel.appcore.dll
0x00007ffef4030000 - 0x00007ffef4040000 	C:\Program Files\Java\jdk11.0.8_10\bin\verify.dll
0x00007ffef6af0000 - 0x00007ffef6ce4000 	C:\WINDOWS\SYSTEM32\DBGHELP.DLL
0x00007ffef6570000 - 0x00007ffef659a000 	C:\WINDOWS\SYSTEM32\dbgcore.DLL
0x00007ffedc5b0000 - 0x00007ffedc5d8000 	C:\Program Files\Java\jdk11.0.8_10\bin\java.dll
0x00007ffef3ff0000 - 0x00007ffef3ffa000 	C:\Program Files\Java\jdk11.0.8_10\bin\jimage.dll
0x00007ffedd2b0000 - 0x00007ffedd2c7000 	C:\Program Files\Java\jdk11.0.8_10\bin\zip.dll
0x00007fff01cf0000 - 0x00007fff023d7000 	C:\WINDOWS\System32\SHELL32.dll
0x00007fff02a00000 - 0x00007fff02aa9000 	C:\WINDOWS\System32\shcore.dll
0x00007fff00850000 - 0x00007fff00fd2000 	C:\WINDOWS\System32\windows.storage.dll
0x00007fff001f0000 - 0x00007fff00213000 	C:\WINDOWS\System32\profapi.dll
0x00007fff001a0000 - 0x00007fff001ea000 	C:\WINDOWS\System32\powrprof.dll
0x00007fff00150000 - 0x00007fff00160000 	C:\WINDOWS\System32\UMPDC.dll
0x00007fff018b0000 - 0x00007fff01902000 	C:\WINDOWS\System32\shlwapi.dll
0x00007fff01330000 - 0x00007fff01347000 	C:\WINDOWS\System32\cryptsp.dll
0x00007ffedcad0000 - 0x00007ffedcae9000 	C:\Program Files\Java\jdk11.0.8_10\bin\net.dll
0x00007ffef9ba0000 - 0x00007ffef9c90000 	C:\WINDOWS\SYSTEM32\WINHTTP.dll
0x00007ffeff950000 - 0x00007ffeff9b7000 	C:\WINDOWS\system32\mswsock.dll
0x00007ffedc590000 - 0x00007ffedc5a2000 	C:\Program Files\Java\jdk11.0.8_10\bin\nio.dll
0x00007ffee75b0000 - 0x00007ffee75d6000 	C:\Users\Laura\.gradle\native\31\windows-amd64\native-platform.dll
0x00007ffef1450000 - 0x00007ffef1459000 	C:\Program Files\Java\jdk11.0.8_10\bin\management.dll
0x00007ffeef930000 - 0x00007ffeef93b000 	C:\Program Files\Java\jdk11.0.8_10\bin\management_ext.dll
0x00007ffeff4c0000 - 0x00007ffeff4f3000 	C:\WINDOWS\system32\rsaenh.dll
0x00007fff00250000 - 0x00007fff00276000 	C:\WINDOWS\System32\bcrypt.dll
0x00007fff00070000 - 0x00007fff00095000 	C:\WINDOWS\SYSTEM32\USERENV.dll
0x00007ffeffb20000 - 0x00007ffeffb2c000 	C:\WINDOWS\SYSTEM32\CRYPTBASE.dll
0x00007ffeff660000 - 0x00007ffeff69a000 	C:\WINDOWS\SYSTEM32\IPHLPAPI.DLL
0x00007fff018a0000 - 0x00007fff018a8000 	C:\WINDOWS\System32\NSI.dll
0x00007ffef9b60000 - 0x00007ffef9b76000 	C:\WINDOWS\SYSTEM32\dhcpcsvc6.DLL
0x00007ffef9f40000 - 0x00007ffef9f5c000 	C:\WINDOWS\SYSTEM32\dhcpcsvc.DLL
0x00007ffeff6a0000 - 0x00007ffeff76b000 	C:\WINDOWS\SYSTEM32\DNSAPI.dll
0x00007ffee7670000 - 0x00007ffee7695000 	C:\Program Files\Java\jdk11.0.8_10\bin\sunec.dll
0x00007ffef7f60000 - 0x00007ffef7f6a000 	C:\Windows\System32\rasadhlp.dll
0x00007ffef96c0000 - 0x00007ffef9737000 	C:\WINDOWS\System32\fwpuclnt.dll
0x00007ffeeeff0000 - 0x00007ffeeeffe000 	C:\Program Files\Java\jdk11.0.8_10\bin\sunmscapi.dll
0x00007fff00300000 - 0x00007fff00449000 	C:\WINDOWS\System32\CRYPT32.dll
0x00007fff00180000 - 0x00007fff00192000 	C:\WINDOWS\System32\MSASN1.dll
0x00007ffeffc20000 - 0x00007ffeffc46000 	C:\WINDOWS\SYSTEM32\ncrypt.dll
0x00007ffeffbe0000 - 0x00007ffeffc1b000 	C:\WINDOWS\SYSTEM32\NTASN1.dll
0x00007ffeff250000 - 0x00007ffeff281000 	C:\WINDOWS\SYSTEM32\ntmarta.dll
0x00007ffefe400000 - 0x00007ffefe48f000 	C:\WINDOWS\system32\apphelp.dll

dbghelp: loaded successfully - version: 4.0.5 - missing functions: none
symbol engine: initialized successfully - sym options: 0x614 - pdb path: .;C:\Program Files\Java\jdk11.0.8_10\bin;C:\WINDOWS\SYSTEM32;C:\WINDOWS\WinSxS\amd64_microsoft.windows.common-controls_6595b64144ccf1df_6.0.18362.1016_none_9e7a36bbe461dae4;C:\Program Files\Java\jdk11.0.8_10\bin\server;C:\Users\Laura\.gradle\native\31\windows-amd64

VM Arguments:
jvm_args: --add-opens=java.base/java.util=ALL-UNNAMED --add-opens=java.base/java.lang=ALL-UNNAMED --add-opens=java.base/java.lang.invoke=ALL-UNNAMED --add-opens=java.prefs/java.util.prefs=ALL-UNNAMED -Xmx2048m -Dfile.encoding=windows-1252 -Duser.country=US -Duser.language=en -Duser.variant 
java_command: org.gradle.launcher.daemon.bootstrap.GradleDaemon 6.1.1
java_class_path (initial): C:\Users\Laura\.gradle\wrapper\dists\gradle-6.1.1-all\cfmwm155h49vnt3hynmlrsdst\gradle-6.1.1\lib\gradle-launcher-6.1.1.jar
Launcher Type: SUN_STANDARD

[Global flags]
     intx CICompilerCount                          = 3                                         {product} {ergonomic}
     uint ConcGCThreads                            = 1                                         {product} {ergonomic}
     uint G1ConcRefinementThreads                  = 4                                         {product} {ergonomic}
   size_t G1HeapRegionSize                         = 1048576                                   {product} {ergonomic}
    uintx GCDrainStackTargetSize                   = 64                                        {product} {ergonomic}
   size_t InitialHeapSize                          = 134217728                                 {product} {ergonomic}
   size_t MarkStackSize                            = 4194304                                   {product} {ergonomic}
   size_t MaxHeapSize                              = 2147483648                                {product} {command line}
   size_t MaxNewSize                               = 1287651328                                {product} {ergonomic}
   size_t MinHeapDeltaBytes                        = 1048576                                   {product} {ergonomic}
    uintx NonNMethodCodeHeapSize                   = 5830732                                {pd product} {ergonomic}
    uintx NonProfiledCodeHeapSize                  = 122913754                              {pd product} {ergonomic}
    uintx ProfiledCodeHeapSize                     = 122913754                              {pd product} {ergonomic}
    uintx ReservedCodeCacheSize                    = 251658240                              {pd product} {ergonomic}
     bool SegmentedCodeCache                       = true                                      {product} {ergonomic}
     bool UseCompressedClassPointers               = true                                 {lp64_product} {ergonomic}
     bool UseCompressedOops                        = true                                 {lp64_product} {ergonomic}
     bool UseG1GC                                  = true                                      {product} {ergonomic}
     bool UseLargePagesIndividualAllocation        = false                                  {pd product} {ergonomic}

Logging:
Log output configuration:
 #0: stdout all=warning uptime,level,tags
 #1: stderr all=off uptime,level,tags

Environment Variables:
JAVA_HOME=C:\Program Files\Java\jdk11.0.8_10
PATH=C:\Program Files\Java\jdk11.0.8_10\bin;C:\Program Files\Java\jdk1.8.0_265\bin;C:\WINDOWS\system32;C:\WINDOWS;C:\WINDOWS\System32\Wbem;C:\WINDOWS\System32\WindowsPowerShell\v1.0\;C:\WINDOWS\System32\OpenSSH\;C:\Program Files (x86)\Common Files\Acronis\VirtualFile\;C:\Program Files (x86)\Common Files\Acronis\VirtualFile64\;C:\Program Files (x86)\Common Files\Acronis\SnapAPI\;C:\Program Files\Git\cmd;C:\Program Files\Java\jdk11.0.8_10\bin;C:\Program Files\PuTTY\;C:\Users\Laura\AppData\Local\Microsoft\WindowsApps;
USERNAME=Laura
OS=Windows_NT
PROCESSOR_IDENTIFIER=Intel64 Family 6 Model 60 Stepping 3, GenuineIntel



---------------  S Y S T E M  ---------------

OS: Windows 10 , 64 bit Build 18362 (10.0.18362.959)
OS uptime: 0 days 21:05 hours

CPU:total 4 (initial active 4) (2 cores per cpu, 2 threads per core) family 6 model 60 stepping 3, cmov, cx8, fxsr, mmx, sse, sse2, sse3, ssse3, sse4.1, sse4.2, popcnt, avx, avx2, aes, clmul, erms, lzcnt, ht, tsc, tscinvbit, bmi1, bmi2, fma

Memory: 4k page, system-wide physical 8109M (560M free)
TotalPageFile size 10018M (AvailPageFile size 5M)
current process WorkingSet (physical memory assigned to process): 743M, peak: 752M
current process commit charge ("private bytes"): 804M, peak: 914M

vm_info: OpenJDK 64-Bit Server VM (11.0.8+10-LTS) for windows-amd64 JRE (11.0.8+10-LTS), built on Jul 13 2020 00:42:50 by "Administrator" with MS VC++ 15.9 (VS2017)

END.
